System Exception 1035 : 致命的なエラーです。 (HRESULT からの例外:0x8000FFFF (E_UNEXPECTED))
System Exception 1035 : 致命的なエラーです。 (HRESULT からの例外:0x8000FFFF (E_UNEXPECTED))
System Exception 1035 : 致命的なエラーです。 (HRESULT からの例外:0x8000FFFF (E_UNEXPECTED))
System Exception 1035 : 致命的なエラーです。 (HRESULT からの例外:0x8000FFFF (E_UNEXPECTED))
System Exception 1035 : 致命的なエラーです。 (HRESULT からの例外:0x8000FFFF (E_UNEXPECTED))
System Exception 1035 : 致命的なエラーです。 (HRESULT からの例外:0x8000FFFF (E_UNEXPECTED))
System Exception 1035 : 致命的なエラーです。 (HRESULT からの例外:0x8000FFFF (E_UNEXPECTED))
System Exception 1035 : 致命的なエラーです。 (HRESULT からの例外:0x8000FFFF (E_UNEXPECTED))
System Exception 1035 : 致命的なエラーです。 (HRESULT からの例外:0x8000FFFF (E_UNEXPECTED))
System Exception 1035 : 致命的なエラーです。 (HRESULT からの例外:0x8000FFFF (E_UNEXPECTED))
System Exception 1035 : 致命的なエラーです。 (HRESULT からの例外:0x8000FFFF (E_UNEXPECTED))
System Exception 1035 : 致命的なエラーです。 (HRESULT からの例外:0x8000FFFF (E_UNEXPECTED))
System Exception 1035 : 致命的なエラーです。 (HRESULT からの例外:0x8000FFFF (E_UNEXPECTED))
System Exception 1035 : 致命的なエラーです。 (HRESULT からの例外:0x8000FFFF (E_UNEXPECTED))
System Exception 1035 : 致命的なエラーです。 (HRESULT からの例外:0x8000FFFF (E_UNEXPECTED))
System Exception 1035 : 致命的なエラーです。 (HRESULT からの例外:0x8000FFFF (E_UNEXPECTED))
System Exception 1035 : 致命的なエラーです。 (HRESULT からの例外:0x8000FFFF (E_UNEXPECTED))
System Exception 1035 : 致命的なエラーです。 (HRESULT からの例外:0x8000FFFF (E_UNEXPECTED))
System Exception 5624 : 別のプロセスで使用されているため、プロセスはファイル 'C:\Program Files\ITunEsTooL\ArtWork\K-ON! MUSIC HISTORY'S BOX [Disc 1](2).jpg' にアクセスできません。
System Exception 5624 : 別のプロセスで使用されているため、プロセスはファイル 'C:\Program Files\ITunEsTooL\ArtWork\K-ON! MUSIC HISTORY'S BOX [Disc 1](3).jpg' にアクセスできません。
System Exception 5624 : 別のプロセスで使用されているため、プロセスはファイル 'C:\Program Files\ITunEsTooL\ArtWork\K-ON! MUSIC HISTORY'S BOX [Disc 1](4).jpg' にアクセスできません。
System Exception 1035 : 致命的なエラーです。 (HRESULT からの例外:0x8000FFFF (E_UNEXPECTED))
System Exception 1035 : 致命的なエラーです。 (HRESULT からの例外:0x8000FFFF (E_UNEXPECTED))
System Exception 1035 : 致命的なエラーです。 (HRESULT からの例外:0x8000FFFF (E_UNEXPECTED))
System Exception 1035 : 致命的なエラーです。 (HRESULT からの例外:0x8000FFFF (E_UNEXPECTED))
System Exception 1035 : 致命的なエラーです。 (HRESULT からの例外:0x8000FFFF (E_UNEXPECTED))
System Exception 1035 : 致命的なエラーです。 (HRESULT からの例外:0x8000FFFF (E_UNEXPECTED))
System Exception 1035 : 致命的なエラーです。 (HRESULT からの例外:0x8000FFFF (E_UNEXPECTED))
System Exception 1035 : 致命的なエラーです。 (HRESULT からの例外:0x8000FFFF (E_UNEXPECTED))
System Exception 1035 : 致命的なエラーです。 (HRESULT からの例外:0x8000FFFF (E_UNEXPECTED))
System Exception 1035 : 致命的なエラーです。 (HRESULT からの例外:0x8000FFFF (E_UNEXPECTED))
System Exception 1035 : 致命的なエラーです。 (HRESULT からの例外:0x8000FFFF (E_UNEXPECTED))
System Exception 1035 : 致命的なエラーです。 (HRESULT からの例外:0x8000FFFF (E_UNEXPECTED))
System Exception 1035 : 致命的なエラーです。 (HRESULT からの例外:0x8000FFFF (E_UNEXPECTED))
System Exception 1035 : 致命的なエラーです。 (HRESULT からの例外:0x8000FFFF (E_UNEXPECTED))
System Exception 1035 : 致命的なエラーです。 (HRESULT からの例外:0x8000FFFF (E_UNEXPECTED))
System Exception 1035 : 致命的なエラーです。 (HRESULT からの例外:0x8000FFFF (E_UNEXPECTED))
System Exception 1035 : 致命的なエラーです。 (HRESULT からの例外:0x8000FFFF (E_UNEXPECTED))
System Exception 1035 : 致命的なエラーです。 (HRESULT からの例外:0x8000FFFF (E_UNEXPECTED))
System Exception 1035 : 致命的なエラーです。 (HRESULT からの例外:0x8000FFFF (E_UNEXPECTED))
System Exception 1035 : 致命的なエラーです。 (HRESULT からの例外:0x8000FFFF (E_UNEXPECTED))
System Exception 1035 : 致命的なエラーです。 (HRESULT からの例外:0x8000FFFF (E_UNEXPECTED))
System Exception 1035 : 致命的なエラーです。 (HRESULT からの例外:0x8000FFFF (E_UNEXPECTED))
System Exception 1035 : 致命的なエラーです。 (HRESULT からの例外:0x8000FFFF (E_UNEXPECTED))
System Exception 1035 : 致命的なエラーです。 (HRESULT からの例外:0x8000FFFF (E_UNEXPECTED))
System Exception 1035 : 致命的なエラーです。 (HRESULT からの例外:0x8000FFFF (E_UNEXPECTED))
System Exception 1035 : 致命的なエラーです。 (HRESULT からの例外:0x8000FFFF (E_UNEXPECTED))
System Exception 1035 : 致命的なエラーです。 (HRESULT からの例外:0x8000FFFF (E_UNEXPECTED))
System Exception 1035 : 致命的なエラーです。 (HRESULT からの例外:0x8000FFFF (E_UNEXPECTED))
System Exception 1035 : 致命的なエラーです。 (HRESULT からの例外:0x8000FFFF (E_UNEXPECTED))
System Exception 1035 : 致命的なエラーです。 (HRESULT からの例外:0x8000FFFF (E_UNEXPECTED))
System Exception 1035 : 致命的なエラーです。 (HRESULT からの例外:0x8000FFFF (E_UNEXPECTED))
System Exception 1035 : 致命的なエラーです。 (HRESULT からの例外:0x8000FFFF (E_UNEXPECTED))
System Exception 1035 : 致命的なエラーです。 (HRESULT からの例外:0x8000FFFF (E_UNEXPECTED))
System Exception 1035 : 致命的なエラーです。 (HRESULT からの例外:0x8000FFFF (E_UNEXPECTED))
System Exception 1035 : 致命的なエラーです。 (HRESULT からの例外:0x8000FFFF (E_UNEXPECTED))
System Exception 1035 : 致命的なエラーです。 (HRESULT からの例外:0x8000FFFF (E_UNEXPECTED))
System Exception 1035 : 致命的なエラーです。 (HRESULT からの例外:0x8000FFFF (E_UNEXPECTED))
System Exception 1035 : 致命的なエラーです。 (HRESULT からの例外:0x8000FFFF (E_UNEXPECTED))
System Exception 1035 : 致命的なエラーです。 (HRESULT からの例外:0x8000FFFF (E_UNEXPECTED))
System Exception 1035 : 致命的なエラーです。 (HRESULT からの例外:0x8000FFFF (E_UNEXPECTED))
System Exception 1035 : 致命的なエラーです。 (HRESULT からの例外:0x8000FFFF (E_UNEXPECTED))
System Exception 1035 : 致命的なエラーです。 (HRESULT からの例外:0x8000FFFF (E_UNEXPECTED))
System Exception 1035 : 致命的なエラーです。 (HRESULT からの例外:0x8000FFFF (E_UNEXPECTED))
System Exception 1035 : 致命的なエラーです。 (HRESULT からの例外:0x8000FFFF (E_UNEXPECTED))
System Exception 1035 : 致命的なエラーです。 (HRESULT からの例外:0x8000FFFF (E_UNEXPECTED))
System Exception 1035 : 致命的なエラーです。 (HRESULT からの例外:0x8000FFFF (E_UNEXPECTED))
System Exception 1035 : 致命的なエラーです。 (HRESULT からの例外:0x8000FFFF (E_UNEXPECTED))
System Exception 1035 : 致命的なエラーです。 (HRESULT からの例外:0x8000FFFF (E_UNEXPECTED))
System Exception 1035 : 致命的なエラーです。 (HRESULT からの例外:0x8000FFFF (E_UNEXPECTED))
System Exception 1035 : 致命的なエラーです。 (HRESULT からの例外:0x8000FFFF (E_UNEXPECTED))
System Exception 1035 : 致命的なエラーです。 (HRESULT からの例外:0x8000FFFF (E_UNEXPECTED))
System Exception 1035 : 致命的なエラーです。 (HRESULT からの例外:0x8000FFFF (E_UNEXPECTED))
System Exception 1035 : 致命的なエラーです。 (HRESULT からの例外:0x8000FFFF (E_UNEXPECTED))
System Exception 1035 : 致命的なエラーです。 (HRESULT からの例外:0x8000FFFF (E_UNEXPECTED))
System Exception 1035 : 致命的なエラーです。 (HRESULT からの例外:0x8000FFFF (E_UNEXPECTED))
System Exception 1035 : 致命的なエラーです。 (HRESULT からの例外:0x8000FFFF (E_UNEXPECTED))
System Exception 1035 : 致命的なエラーです。 (HRESULT からの例外:0x8000FFFF (E_UNEXPECTED))
System Exception 1035 : 致命的なエラーです。 (HRESULT からの例外:0x8000FFFF (E_UNEXPECTED))
System Exception 1035 : 致命的なエラーです。 (HRESULT からの例外:0x8000FFFF (E_UNEXPECTED))
System Exception 1035 : 致命的なエラーです。 (HRESULT からの例外:0x8000FFFF (E_UNEXPECTED))
System Exception 1035 : 致命的なエラーです。 (HRESULT からの例外:0x8000FFFF (E_UNEXPECTED))
System Exception 1035 : 致命的なエラーです。 (HRESULT からの例外:0x8000FFFF (E_UNEXPECTED))
System Exception 1035 : 致命的なエラーです。 (HRESULT からの例外:0x8000FFFF (E_UNEXPECTED))
System Exception 1035 : 致命的なエラーです。 (HRESULT からの例外:0x8000FFFF (E_UNEXPECTED))
System Exception 1035 : 致命的なエラーです。 (HRESULT からの例外:0x8000FFFF (E_UNEXPECTED))
System Exception 1035 : 致命的なエラーです。 (HRESULT からの例外:0x8000FFFF (E_UNEXPECTED))
System Exception 1035 : 致命的なエラーです。 (HRESULT からの例外:0x8000FFFF (E_UNEXPECTED))
System Exception 1035 : 致命的なエラーです。 (HRESULT からの例外:0x8000FFFF (E_UNEXPECTED))
System Exception 1035 : 致命的なエラーです。 (HRESULT からの例外:0x8000FFFF (E_UNEXPECTED))
System Exception 1035 : 致命的なエラーです。 (HRESULT からの例外:0x8000FFFF (E_UNEXPECTED))
System Exception 1035 : 致命的なエラーです。 (HRESULT からの例外:0x8000FFFF (E_UNEXPECTED))
System Exception 1035 : 致命的なエラーです。 (HRESULT からの例外:0x8000FFFF (E_UNEXPECTED))
System Exception 1035 : 致命的なエラーです。 (HRESULT からの例外:0x8000FFFF (E_UNEXPECTED))
System Exception 1035 : 致命的なエラーです。 (HRESULT からの例外:0x8000FFFF (E_UNEXPECTED))
System Exception 1035 : 致命的なエラーです。 (HRESULT からの例外:0x8000FFFF (E_UNEXPECTED))
System Exception 1035 : 致命的なエラーです。 (HRESULT からの例外:0x8000FFFF (E_UNEXPECTED))
System Exception 1035 : 致命的なエラーです。 (HRESULT からの例外:0x8000FFFF (E_UNEXPECTED))
System Exception 1035 : 致命的なエラーです。 (HRESULT からの例外:0x8000FFFF (E_UNEXPECTED))
System Exception 1035 : 致命的なエラーです。 (HRESULT からの例外:0x8000FFFF (E_UNEXPECTED))
System Exception 1035 : 致命的なエラーです。 (HRESULT からの例外:0x8000FFFF (E_UNEXPECTED))
System Exception 1035 : 致命的なエラーです。 (HRESULT からの例外:0x8000FFFF (E_UNEXPECTED))
System Exception 1035 : 致命的なエラーです。 (HRESULT からの例外:0x8000FFFF (E_UNEXPECTED))
System Exception 1035 : 致命的なエラーです。 (HRESULT からの例外:0x8000FFFF (E_UNEXPECTED))
System Exception 1035 : 致命的なエラーです。 (HRESULT からの例外:0x8000FFFF (E_UNEXPECTED))
System Exception 1035 : 致命的なエラーです。 (HRESULT からの例外:0x8000FFFF (E_UNEXPECTED))
System Exception 1035 : 致命的なエラーです。 (HRESULT からの例外:0x8000FFFF (E_UNEXPECTED))
System Exception 1035 : 致命的なエラーです。 (HRESULT からの例外:0x8000FFFF (E_UNEXPECTED))
System Exception 1035 : 致命的なエラーです。 (HRESULT からの例外:0x8000FFFF (E_UNEXPECTED))
System Exception 1035 : 致命的なエラーです。 (HRESULT からの例外:0x8000FFFF (E_UNEXPECTED))
System Exception 1035 : 致命的なエラーです。 (HRESULT からの例外:0x8000FFFF (E_UNEXPECTED))
System Exception 1035 : 致命的なエラーです。 (HRESULT からの例外:0x8000FFFF (E_UNEXPECTED))
System Exception 1035 : 致命的なエラーです。 (HRESULT からの例外:0x8000FFFF (E_UNEXPECTED))
System Exception 1035 : 致命的なエラーです。 (HRESULT からの例外:0x8000FFFF (E_UNEXPECTED))
System Exception 1035 : 致命的なエラーです。 (HRESULT からの例外:0x8000FFFF (E_UNEXPECTED))
System Exception 1035 : 致命的なエラーです。 (HRESULT からの例外:0x8000FFFF (E_UNEXPECTED))
System Exception 1035 : 致命的なエラーです。 (HRESULT からの例外:0x8000FFFF (E_UNEXPECTED))
System Exception 1035 : 致命的なエラーです。 (HRESULT からの例外:0x8000FFFF (E_UNEXPECTED))
System Exception 1035 : 致命的なエラーです。 (HRESULT からの例外:0x8000FFFF (E_UNEXPECTED))
System Exception 1035 : 致命的なエラーです。 (HRESULT からの例外:0x8000FFFF (E_UNEXPECTED))
System Exception 1035 : 致命的なエラーです。 (HRESULT からの例外:0x8000FFFF (E_UNEXPECTED))
System Exception 1035 : 致命的なエラーです。 (HRESULT からの例外:0x8000FFFF (E_UNEXPECTED))
System Exception 1035 : 致命的なエラーです。 (HRESULT からの例外:0x8000FFFF (E_UNEXPECTED))
System Exception 1035 : 致命的なエラーです。 (HRESULT からの例外:0x8000FFFF (E_UNEXPECTED))
System Exception 1035 : 致命的なエラーです。 (HRESULT からの例外:0x8000FFFF (E_UNEXPECTED))
System Exception 1035 : 致命的なエラーです。 (HRESULT からの例外:0x8000FFFF (E_UNEXPECTED))
System Exception 1035 : 致命的なエラーです。 (HRESULT からの例外:0x8000FFFF (E_UNEXPECTED))
System Exception 1035 : 致命的なエラーです。 (HRESULT からの例外:0x8000FFFF (E_UNEXPECTED))
System Exception 1035 : 致命的なエラーです。 (HRESULT からの例外:0x8000FFFF (E_UNEXPECTED))
System Exception 1035 : 致命的なエラーです。 (HRESULT からの例外:0x8000FFFF (E_UNEXPECTED))
System Exception 1035 : 致命的なエラーです。 (HRESULT からの例外:0x8000FFFF (E_UNEXPECTED))
System Exception 1035 : 致命的なエラーです。 (HRESULT からの例外:0x8000FFFF (E_UNEXPECTED))
System Exception 1035 : 致命的なエラーです。 (HRESULT からの例外:0x8000FFFF (E_UNEXPECTED))
System Exception 1035 : 致命的なエラーです。 (HRESULT からの例外:0x8000FFFF (E_UNEXPECTED))
System Exception 1035 : 致命的なエラーです。 (HRESULT からの例外:0x8000FFFF (E_UNEXPECTED))
System Exception 1035 : 致命的なエラーです。 (HRESULT からの例外:0x8000FFFF (E_UNEXPECTED))
System Exception 1035 : 致命的なエラーです。 (HRESULT からの例外:0x8000FFFF (E_UNEXPECTED))
System Exception 1035 : 致命的なエラーです。 (HRESULT からの例外:0x8000FFFF (E_UNEXPECTED))
System Exception 1035 : 致命的なエラーです。 (HRESULT からの例外:0x8000FFFF (E_UNEXPECTED))
System Exception 1035 : 致命的なエラーです。 (HRESULT からの例外:0x8000FFFF (E_UNEXPECTED))
System Exception 1035 : 致命的なエラーです。 (HRESULT からの例外:0x8000FFFF (E_UNEXPECTED))
System Exception 1035 : 致命的なエラーです。 (HRESULT からの例外:0x8000FFFF (E_UNEXPECTED))
System Exception 1035 : 致命的なエラーです。 (HRESULT からの例外:0x8000FFFF (E_UNEXPECTED))
System Exception 1035 : 致命的なエラーです。 (HRESULT からの例外:0x8000FFFF (E_UNEXPECTED))
System Exception 1035 : 致命的なエラーです。 (HRESULT からの例外:0x8000FFFF (E_UNEXPECTED))
System Exception 1035 : 致命的なエラーです。 (HRESULT からの例外:0x8000FFFF (E_UNEXPECTED))
System Exception 1035 : 致命的なエラーです。 (HRESULT からの例外:0x8000FFFF (E_UNEXPECTED))
System Exception 1035 : 致命的なエラーです。 (HRESULT からの例外:0x8000FFFF (E_UNEXPECTED))
System Exception 1035 : 致命的なエラーです。 (HRESULT からの例外:0x8000FFFF (E_UNEXPECTED))
System Exception 1035 : 致命的なエラーです。 (HRESULT からの例外:0x8000FFFF (E_UNEXPECTED))
System Exception 1035 : 致命的なエラーです。 (HRESULT からの例外:0x8000FFFF (E_UNEXPECTED))
System Exception 1035 : 致命的なエラーです。 (HRESULT からの例外:0x8000FFFF (E_UNEXPECTED))
System Exception 1035 : 致命的なエラーです。 (HRESULT からの例外:0x8000FFFF (E_UNEXPECTED))
System Exception 1035 : 致命的なエラーです。 (HRESULT からの例外:0x8000FFFF (E_UNEXPECTED))
System Exception 1035 : 致命的なエラーです。 (HRESULT からの例外:0x8000FFFF (E_UNEXPECTED))
System Exception 1035 : 致命的なエラーです。 (HRESULT からの例外:0x8000FFFF (E_UNEXPECTED))
System Exception 1035 : 致命的なエラーです。 (HRESULT からの例外:0x8000FFFF (E_UNEXPECTED))
System Exception 1035 : 致命的なエラーです。 (HRESULT からの例外:0x8000FFFF (E_UNEXPECTED))
System Exception 1035 : 致命的なエラーです。 (HRESULT からの例外:0x8000FFFF (E_UNEXPECTED))
System Exception 1035 : 致命的なエラーです。 (HRESULT からの例外:0x8000FFFF (E_UNEXPECTED))
System Exception 1035 : 致命的なエラーです。 (HRESULT からの例外:0x8000FFFF (E_UNEXPECTED))
System Exception 1035 : 致命的なエラーです。 (HRESULT からの例外:0x8000FFFF (E_UNEXPECTED))
System Exception 1035 : 致命的なエラーです。 (HRESULT からの例外:0x8000FFFF (E_UNEXPECTED))
System Exception 1035 : 致命的なエラーです。 (HRESULT からの例外:0x8000FFFF (E_UNEXPECTED))
System Exception 1035 : 致命的なエラーです。 (HRESULT からの例外:0x8000FFFF (E_UNEXPECTED))
System Exception 1035 : 致命的なエラーです。 (HRESULT からの例外:0x8000FFFF (E_UNEXPECTED))
System Exception 1035 : 致命的なエラーです。 (HRESULT からの例外:0x8000FFFF (E_UNEXPECTED))
System Exception 1035 : 致命的なエラーです。 (HRESULT からの例外:0x8000FFFF (E_UNEXPECTED))
System Exception 1035 : 致命的なエラーです。 (HRESULT からの例外:0x8000FFFF (E_UNEXPECTED))
System Exception 1035 : 致命的なエラーです。 (HRESULT からの例外:0x8000FFFF (E_UNEXPECTED))
System Exception 1035 : 致命的なエラーです。 (HRESULT からの例外:0x8000FFFF (E_UNEXPECTED))
System Exception 1035 : 致命的なエラーです。 (HRESULT からの例外:0x8000FFFF (E_UNEXPECTED))
System Exception 1035 : 致命的なエラーです。 (HRESULT からの例外:0x8000FFFF (E_UNEXPECTED))
System Exception 1035 : 致命的なエラーです。 (HRESULT からの例外:0x8000FFFF (E_UNEXPECTED))
System Exception 1035 : 致命的なエラーです。 (HRESULT からの例外:0x8000FFFF (E_UNEXPECTED))
System Exception 1035 : 致命的なエラーです。 (HRESULT からの例外:0x8000FFFF (E_UNEXPECTED))
System Exception 1035 : 致命的なエラーです。 (HRESULT からの例外:0x8000FFFF (E_UNEXPECTED))
System Exception 1035 : 致命的なエラーです。 (HRESULT からの例外:0x8000FFFF (E_UNEXPECTED))
System Exception 1035 : 致命的なエラーです。 (HRESULT からの例外:0x8000FFFF (E_UNEXPECTED))
System Exception 1035 : 致命的なエラーです。 (HRESULT からの例外:0x8000FFFF (E_UNEXPECTED))
System Exception 1035 : 致命的なエラーです。 (HRESULT からの例外:0x8000FFFF (E_UNEXPECTED))
System Exception 1035 : 致命的なエラーです。 (HRESULT からの例外:0x8000FFFF (E_UNEXPECTED))
System Exception 1035 : 致命的なエラーです。 (HRESULT からの例外:0x8000FFFF (E_UNEXPECTED))
System Exception 1035 : 致命的なエラーです。 (HRESULT からの例外:0x8000FFFF (E_UNEXPECTED))
System Exception 1035 : 致命的なエラーです。 (HRESULT からの例外:0x8000FFFF (E_UNEXPECTED))
System Exception 1035 : 致命的なエラーです。 (HRESULT からの例外:0x8000FFFF (E_UNEXPECTED))
System Exception 1035 : 致命的なエラーです。 (HRESULT からの例外:0x8000FFFF (E_UNEXPECTED))
System Exception 1035 : 致命的なエラーです。 (HRESULT からの例外:0x8000FFFF (E_UNEXPECTED))
System Exception 1035 : 致命的なエラーです。 (HRESULT からの例外:0x8000FFFF (E_UNEXPECTED))
System Exception 1035 : 致命的なエラーです。 (HRESULT からの例外:0x8000FFFF (E_UNEXPECTED))
System Exception 1035 : 致命的なエラーです。 (HRESULT からの例外:0x8000FFFF (E_UNEXPECTED))
System Exception 1035 : 致命的なエラーです。 (HRESULT からの例外:0x8000FFFF (E_UNEXPECTED))
System Exception 1035 : 致命的なエラーです。 (HRESULT からの例外:0x8000FFFF (E_UNEXPECTED))
System Exception 1035 : 致命的なエラーです。 (HRESULT からの例外:0x8000FFFF (E_UNEXPECTED))
System Exception 1035 : 致命的なエラーです。 (HRESULT からの例外:0x8000FFFF (E_UNEXPECTED))
System Exception 1035 : 致命的なエラーです。 (HRESULT からの例外:0x8000FFFF (E_UNEXPECTED))
System Exception 1035 : 致命的なエラーです。 (HRESULT からの例外:0x8000FFFF (E_UNEXPECTED))
System Exception 1035 : 致命的なエラーです。 (HRESULT からの例外:0x8000FFFF (E_UNEXPECTED))
System Exception 1035 : 致命的なエラーです。 (HRESULT からの例外:0x8000FFFF (E_UNEXPECTED))
System Exception 1035 : 致命的なエラーです。 (HRESULT からの例外:0x8000FFFF (E_UNEXPECTED))
System Exception 1035 : 致命的なエラーです。 (HRESULT からの例外:0x8000FFFF (E_UNEXPECTED))
System Exception 1035 : 致命的なエラーです。 (HRESULT からの例外:0x8000FFFF (E_UNEXPECTED))
System Exception 1035 : 致命的なエラーです。 (HRESULT からの例外:0x8000FFFF (E_UNEXPECTED))
System Exception 1035 : 致命的なエラーです。 (HRESULT からの例外:0x8000FFFF (E_UNEXPECTED))
System Exception 1035 : 致命的なエラーです。 (HRESULT からの例外:0x8000FFFF (E_UNEXPECTED))
System Exception 1035 : 致命的なエラーです。 (HRESULT からの例外:0x8000FFFF (E_UNEXPECTED))
System Exception 1035 : 致命的なエラーです。 (HRESULT からの例外:0x8000FFFF (E_UNEXPECTED))
System Exception 1035 : 致命的なエラーです。 (HRESULT からの例外:0x8000FFFF (E_UNEXPECTED))
System Exception 1035 : 致命的なエラーです。 (HRESULT からの例外:0x8000FFFF (E_UNEXPECTED))
System Exception 1035 : 致命的なエラーです。 (HRESULT からの例外:0x8000FFFF (E_UNEXPECTED))
System Exception 1035 : 致命的なエラーです。 (HRESULT からの例外:0x8000FFFF (E_UNEXPECTED))
System Exception 1035 : 致命的なエラーです。 (HRESULT からの例外:0x8000FFFF (E_UNEXPECTED))
System Exception 1035 : 致命的なエラーです。 (HRESULT からの例外:0x8000FFFF (E_UNEXPECTED))
System Exception 1035 : 致命的なエラーです。 (HRESULT からの例外:0x8000FFFF (E_UNEXPECTED))
System Exception 1035 : 致命的なエラーです。 (HRESULT からの例外:0x8000FFFF (E_UNEXPECTED))
System Exception 1035 : 致命的なエラーです。 (HRESULT からの例外:0x8000FFFF (E_UNEXPECTED))
System Exception 1035 : 致命的なエラーです。 (HRESULT からの例外:0x8000FFFF (E_UNEXPECTED))
System Exception 1035 : 致命的なエラーです。 (HRESULT からの例外:0x8000FFFF (E_UNEXPECTED))
System Exception 1035 : 致命的なエラーです。 (HRESULT からの例外:0x8000FFFF (E_UNEXPECTED))
System Exception 1035 : 致命的なエラーです。 (HRESULT からの例外:0x8000FFFF (E_UNEXPECTED))
System Exception 1035 : 致命的なエラーです。 (HRESULT からの例外:0x8000FFFF (E_UNEXPECTED))
System Exception 1035 : 致命的なエラーです。 (HRESULT からの例外:0x8000FFFF (E_UNEXPECTED))
System Exception 1035 : 致命的なエラーです。 (HRESULT からの例外:0x8000FFFF (E_UNEXPECTED))
System Exception 1035 : 致命的なエラーです。 (HRESULT からの例外:0x8000FFFF (E_UNEXPECTED))
System Exception 1035 : 致命的なエラーです。 (HRESULT からの例外:0x8000FFFF (E_UNEXPECTED))
System Exception 1035 : 致命的なエラーです。 (HRESULT からの例外:0x8000FFFF (E_UNEXPECTED))
System Exception 1035 : 致命的なエラーです。 (HRESULT からの例外:0x8000FFFF (E_UNEXPECTED))
System Exception 1035 : 致命的なエラーです。 (HRESULT からの例外:0x8000FFFF (E_UNEXPECTED))
System Exception 1035 : 致命的なエラーです。 (HRESULT からの例外:0x8000FFFF (E_UNEXPECTED))
System Exception 1035 : 致命的なエラーです。 (HRESULT からの例外:0x8000FFFF (E_UNEXPECTED))
System Exception 1035 : 致命的なエラーです。 (HRESULT からの例外:0x8000FFFF (E_UNEXPECTED))
System Exception 1035 : 致命的なエラーです。 (HRESULT からの例外:0x8000FFFF (E_UNEXPECTED))
System Exception 1035 : 致命的なエラーです。 (HRESULT からの例外:0x8000FFFF (E_UNEXPECTED))
System Exception 1035 : 致命的なエラーです。 (HRESULT からの例外:0x8000FFFF (E_UNEXPECTED))
System Exception 1035 : 致命的なエラーです。 (HRESULT からの例外:0x8000FFFF (E_UNEXPECTED))
System Exception 1035 : 致命的なエラーです。 (HRESULT からの例外:0x8000FFFF (E_UNEXPECTED))
System Exception 1035 : 致命的なエラーです。 (HRESULT からの例外:0x8000FFFF (E_UNEXPECTED))
System Exception 1035 : 致命的なエラーです。 (HRESULT からの例外:0x8000FFFF (E_UNEXPECTED))
System Exception 1035 : 致命的なエラーです。 (HRESULT からの例外:0x8000FFFF (E_UNEXPECTED))
System Exception 1035 : 致命的なエラーです。 (HRESULT からの例外:0x8000FFFF (E_UNEXPECTED))
System Exception 1035 : 致命的なエラーです。 (HRESULT からの例外:0x8000FFFF (E_UNEXPECTED))
System Exception 1035 : 致命的なエラーです。 (HRESULT からの例外:0x8000FFFF (E_UNEXPECTED))
System Exception 1035 : 致命的なエラーです。 (HRESULT からの例外:0x8000FFFF (E_UNEXPECTED))
System Exception 1035 : 致命的なエラーです。 (HRESULT からの例外:0x8000FFFF (E_UNEXPECTED))
System Exception 1035 : 致命的なエラーです。 (HRESULT からの例外:0x8000FFFF (E_UNEXPECTED))
System Exception 1035 : 致命的なエラーです。 (HRESULT からの例外:0x8000FFFF (E_UNEXPECTED))
System Exception 1035 : 致命的なエラーです。 (HRESULT からの例外:0x8000FFFF (E_UNEXPECTED))
System Exception 1035 : 致命的なエラーです。 (HRESULT からの例外:0x8000FFFF (E_UNEXPECTED))
System Exception 1035 : 致命的なエラーです。 (HRESULT からの例外:0x8000FFFF (E_UNEXPECTED))
System Exception 1035 : 致命的なエラーです。 (HRESULT からの例外:0x8000FFFF (E_UNEXPECTED))
System Exception 1035 : 致命的なエラーです。 (HRESULT からの例外:0x8000FFFF (E_UNEXPECTED))
System Exception 1035 : 致命的なエラーです。 (HRESULT からの例外:0x8000FFFF (E_UNEXPECTED))
System Exception 1035 : 致命的なエラーです。 (HRESULT からの例外:0x8000FFFF (E_UNEXPECTED))
System Exception 1035 : 致命的なエラーです。 (HRESULT からの例外:0x8000FFFF (E_UNEXPECTED))
System Exception 1035 : 致命的なエラーです。 (HRESULT からの例外:0x8000FFFF (E_UNEXPECTED))
System Exception 1035 : 致命的なエラーです。 (HRESULT からの例外:0x8000FFFF (E_UNEXPECTED))
System Exception 1035 : 致命的なエラーです。 (HRESULT からの例外:0x8000FFFF (E_UNEXPECTED))
System Exception 1035 : 致命的なエラーです。 (HRESULT からの例外:0x8000FFFF (E_UNEXPECTED))
System Exception 1035 : 致命的なエラーです。 (HRESULT からの例外:0x8000FFFF (E_UNEXPECTED))
System Exception 1035 : 致命的なエラーです。 (HRESULT からの例外:0x8000FFFF (E_UNEXPECTED))
System Exception 1035 : 致命的なエラーです。 (HRESULT からの例外:0x8000FFFF (E_UNEXPECTED))
System Exception 1035 : 致命的なエラーです。 (HRESULT からの例外:0x8000FFFF (E_UNEXPECTED))
System Exception 1035 : 致命的なエラーです。 (HRESULT からの例外:0x8000FFFF (E_UNEXPECTED))
System Exception 1035 : 致命的なエラーです。 (HRESULT からの例外:0x8000FFFF (E_UNEXPECTED))
System Exception 1035 : 致命的なエラーです。 (HRESULT からの例外:0x8000FFFF (E_UNEXPECTED))
System Exception 1035 : 致命的なエラーです。 (HRESULT からの例外:0x8000FFFF (E_UNEXPECTED))
System Exception 1035 : 致命的なエラーです。 (HRESULT からの例外:0x8000FFFF (E_UNEXPECTED))
System Exception 1035 : 致命的なエラーです。 (HRESULT からの例外:0x8000FFFF (E_UNEXPECTED))
System Exception 1035 : 致命的なエラーです。 (HRESULT からの例外:0x8000FFFF (E_UNEXPECTED))
System Exception 1035 : 致命的なエラーです。 (HRESULT からの例外:0x8000FFFF (E_UNEXPECTED))
System Exception 1035 : 致命的なエラーです。 (HRESULT からの例外:0x8000FFFF (E_UNEXPECTED))
System Exception 1035 : 致命的なエラーです。 (HRESULT からの例外:0x8000FFFF (E_UNEXPECTED))
System Exception 1035 : 致命的なエラーです。 (HRESULT からの例外:0x8000FFFF (E_UNEXPECTED))
System Exception 1035 : 致命的なエラーです。 (HRESULT からの例外:0x8000FFFF (E_UNEXPECTED))
System Exception 1035 : 致命的なエラーです。 (HRESULT からの例外:0x8000FFFF (E_UNEXPECTED))
System Exception 1035 : 致命的なエラーです。 (HRESULT からの例外:0x8000FFFF (E_UNEXPECTED))
System Exception 1035 : 致命的なエラーです。 (HRESULT からの例外:0x8000FFFF (E_UNEXPECTED))
System Exception 1035 : 致命的なエラーです。 (HRESULT からの例外:0x8000FFFF (E_UNEXPECTED))
System Exception 1035 : 致命的なエラーです。 (HRESULT からの例外:0x8000FFFF (E_UNEXPECTED))
System Exception 1035 : 致命的なエラーです。 (HRESULT からの例外:0x8000FFFF (E_UNEXPECTED))
System Exception 1035 : 致命的なエラーです。 (HRESULT からの例外:0x8000FFFF (E_UNEXPECTED))
System Exception 1035 : 致命的なエラーです。 (HRESULT からの例外:0x8000FFFF (E_UNEXPECTED))
System Exception 1035 : 致命的なエラーです。 (HRESULT からの例外:0x8000FFFF (E_UNEXPECTED))
System Exception 1035 : 致命的なエラーです。 (HRESULT からの例外:0x8000FFFF (E_UNEXPECTED))
System Exception 1035 : 致命的なエラーです。 (HRESULT からの例外:0x8000FFFF (E_UNEXPECTED))
System Exception 1035 : 致命的なエラーです。 (HRESULT からの例外:0x8000FFFF (E_UNEXPECTED))
System Exception 1035 : 致命的なエラーです。 (HRESULT からの例外:0x8000FFFF (E_UNEXPECTED))
System Exception 1035 : 致命的なエラーです。 (HRESULT からの例外:0x8000FFFF (E_UNEXPECTED))
System Exception 1035 : 致命的なエラーです。 (HRESULT からの例外:0x8000FFFF (E_UNEXPECTED))
System Exception 1035 : 致命的なエラーです。 (HRESULT からの例外:0x8000FFFF (E_UNEXPECTED))
System Exception 1035 : 致命的なエラーです。 (HRESULT からの例外:0x8000FFFF (E_UNEXPECTED))
System Exception 1035 : 致命的なエラーです。 (HRESULT からの例外:0x8000FFFF (E_UNEXPECTED))
System Exception 1035 : 致命的なエラーです。 (HRESULT からの例外:0x8000FFFF (E_UNEXPECTED))
System Exception 1035 : 致命的なエラーです。 (HRESULT からの例外:0x8000FFFF (E_UNEXPECTED))
System Exception 1035 : 致命的なエラーです。 (HRESULT からの例外:0x8000FFFF (E_UNEXPECTED))
System Exception 1035 : 致命的なエラーです。 (HRESULT からの例外:0x8000FFFF (E_UNEXPECTED))
System Exception 1035 : 致命的なエラーです。 (HRESULT からの例外:0x8000FFFF (E_UNEXPECTED))
System Exception 1035 : 致命的なエラーです。 (HRESULT からの例外:0x8000FFFF (E_UNEXPECTED))
System Exception 1035 : 致命的なエラーです。 (HRESULT からの例外:0x8000FFFF (E_UNEXPECTED))
System Exception 1035 : 致命的なエラーです。 (HRESULT からの例外:0x8000FFFF (E_UNEXPECTED))
System Exception 1035 : 致命的なエラーです。 (HRESULT からの例外:0x8000FFFF (E_UNEXPECTED))
System Exception 1035 : 致命的なエラーです。 (HRESULT からの例外:0x8000FFFF (E_UNEXPECTED))
System Exception 1035 : 致命的なエラーです。 (HRESULT からの例外:0x8000FFFF (E_UNEXPECTED))
System Exception 1035 : 致命的なエラーです。 (HRESULT からの例外:0x8000FFFF (E_UNEXPECTED))
System Exception 1035 : 致命的なエラーです。 (HRESULT からの例外:0x8000FFFF (E_UNEXPECTED))
System Exception 1035 : 致命的なエラーです。 (HRESULT からの例外:0x8000FFFF (E_UNEXPECTED))
System Exception 1035 : 致命的なエラーです。 (HRESULT からの例外:0x8000FFFF (E_UNEXPECTED))
System Exception 1035 : 致命的なエラーです。 (HRESULT からの例外:0x8000FFFF (E_UNEXPECTED))
System Exception 1035 : 致命的なエラーです。 (HRESULT からの例外:0x8000FFFF (E_UNEXPECTED))
System Exception 1035 : 致命的なエラーです。 (HRESULT からの例外:0x8000FFFF (E_UNEXPECTED))
System Exception 1035 : 致命的なエラーです。 (HRESULT からの例外:0x8000FFFF (E_UNEXPECTED))
System Exception 1035 : 致命的なエラーです。 (HRESULT からの例外:0x8000FFFF (E_UNEXPECTED))
System Exception 1035 : 致命的なエラーです。 (HRESULT からの例外:0x8000FFFF (E_UNEXPECTED))
System Exception 1035 : 致命的なエラーです。 (HRESULT からの例外:0x8000FFFF (E_UNEXPECTED))
System Exception 1035 : 致命的なエラーです。 (HRESULT からの例外:0x8000FFFF (E_UNEXPECTED))
System Exception 1035 : 致命的なエラーです。 (HRESULT からの例外:0x8000FFFF (E_UNEXPECTED))
System Exception 1035 : 致命的なエラーです。 (HRESULT からの例外:0x8000FFFF (E_UNEXPECTED))
System Exception 1035 : 致命的なエラーです。 (HRESULT からの例外:0x8000FFFF (E_UNEXPECTED))
System Exception 1035 : 致命的なエラーです。 (HRESULT からの例外:0x8000FFFF (E_UNEXPECTED))
System Exception 1035 : 致命的なエラーです。 (HRESULT からの例外:0x8000FFFF (E_UNEXPECTED))
System Exception 1035 : 致命的なエラーです。 (HRESULT からの例外:0x8000FFFF (E_UNEXPECTED))
System Exception 1035 : 致命的なエラーです。 (HRESULT からの例外:0x8000FFFF (E_UNEXPECTED))
System Exception 1035 : 致命的なエラーです。 (HRESULT からの例外:0x8000FFFF (E_UNEXPECTED))
System Exception 1035 : 致命的なエラーです。 (HRESULT からの例外:0x8000FFFF (E_UNEXPECTED))
System Exception 1035 : 致命的なエラーです。 (HRESULT からの例外:0x8000FFFF (E_UNEXPECTED))
System Exception 1035 : 致命的なエラーです。 (HRESULT からの例外:0x8000FFFF (E_UNEXPECTED))
System Exception 1035 : 致命的なエラーです。 (HRESULT からの例外:0x8000FFFF (E_UNEXPECTED))
System Exception 1035 : 致命的なエラーです。 (HRESULT からの例外:0x8000FFFF (E_UNEXPECTED))
System Exception 1035 : 致命的なエラーです。 (HRESULT からの例外:0x8000FFFF (E_UNEXPECTED))
System Exception 1035 : 致命的なエラーです。 (HRESULT からの例外:0x8000FFFF (E_UNEXPECTED))
System Exception 1035 : 致命的なエラーです。 (HRESULT からの例外:0x8000FFFF (E_UNEXPECTED))
System Exception 1035 : 致命的なエラーです。 (HRESULT からの例外:0x8000FFFF (E_UNEXPECTED))
System Exception 1035 : 致命的なエラーです。 (HRESULT からの例外:0x8000FFFF (E_UNEXPECTED))
System Exception 1035 : 致命的なエラーです。 (HRESULT からの例外:0x8000FFFF (E_UNEXPECTED))
System Exception 1035 : 致命的なエラーです。 (HRESULT からの例外:0x8000FFFF (E_UNEXPECTED))
System Exception 1035 : 致命的なエラーです。 (HRESULT からの例外:0x8000FFFF (E_UNEXPECTED))
System Exception 1035 : 致命的なエラーです。 (HRESULT からの例外:0x8000FFFF (E_UNEXPECTED))
System Exception 1035 : 致命的なエラーです。 (HRESULT からの例外:0x8000FFFF (E_UNEXPECTED))
System Exception 1035 : 致命的なエラーです。 (HRESULT からの例外:0x8000FFFF (E_UNEXPECTED))
System Exception 1035 : 致命的なエラーです。 (HRESULT からの例外:0x8000FFFF (E_UNEXPECTED))
System Exception 1035 : 致命的なエラーです。 (HRESULT からの例外:0x8000FFFF (E_UNEXPECTED))
System Exception 1035 : 致命的なエラーです。 (HRESULT からの例外:0x8000FFFF (E_UNEXPECTED))
System Exception 1035 : 致命的なエラーです。 (HRESULT からの例外:0x8000FFFF (E_UNEXPECTED))
System Exception 1035 : 致命的なエラーです。 (HRESULT からの例外:0x8000FFFF (E_UNEXPECTED))
System Exception 1035 : 致命的なエラーです。 (HRESULT からの例外:0x8000FFFF (E_UNEXPECTED))

iTunes Versin : 12.0.1.26
OS Versin : 6.1.7601.65536
UAC Enabled : True
App Versin : 2.2.0.5