Web Exception 2102 : リモート サーバーがエラーを返しました: (403) 使用不可能
System Exception 1035 : アクセスが拒否されました。 (HRESULT からの例外:0x80070005 (E_ACCESSDENIED))
System Exception 1035 : アクセスが拒否されました。 (HRESULT からの例外:0x80070005 (E_ACCESSDENIED))
System Exception 1035 : アクセスが拒否されました。 (HRESULT からの例外:0x80070005 (E_ACCESSDENIED))
System Exception 5624 : パス 'C:\Users\User\Desktop\アルバムワーク\おもち.jpg' へのアクセスが拒否されました。
System Exception 1035 : アクセスが拒否されました。 (HRESULT からの例外:0x80070005 (E_ACCESSDENIED))
System Exception 1035 : アクセスが拒否されました。 (HRESULT からの例外:0x80070005 (E_ACCESSDENIED))
System Exception 1035 : アクセスが拒否されました。 (HRESULT からの例外:0x80070005 (E_ACCESSDENIED))
System Exception 1035 : アクセスが拒否されました。 (HRESULT からの例外:0x80070005 (E_ACCESSDENIED))
System Exception 1035 : アクセスが拒否されました。 (HRESULT からの例外:0x80070005 (E_ACCESSDENIED))
System Exception 1035 : アクセスが拒否されました。 (HRESULT からの例外:0x80070005 (E_ACCESSDENIED))
System Exception 1035 : アクセスが拒否されました。 (HRESULT からの例外:0x80070005 (E_ACCESSDENIED))
System Exception 1035 : アクセスが拒否されました。 (HRESULT からの例外:0x80070005 (E_ACCESSDENIED))
System Exception 1035 : アクセスが拒否されました。 (HRESULT からの例外:0x80070005 (E_ACCESSDENIED))
System Exception 1035 : アクセスが拒否されました。 (HRESULT からの例外:0x80070005 (E_ACCESSDENIED))
System Exception 1035 : アクセスが拒否されました。 (HRESULT からの例外:0x80070005 (E_ACCESSDENIED))
System Exception 1035 : アクセスが拒否されました。 (HRESULT からの例外:0x80070005 (E_ACCESSDENIED))
System Exception 1035 : アクセスが拒否されました。 (HRESULT からの例外:0x80070005 (E_ACCESSDENIED))
System Exception 1035 : アクセスが拒否されました。 (HRESULT からの例外:0x80070005 (E_ACCESSDENIED))
System Exception 1035 : アクセスが拒否されました。 (HRESULT からの例外:0x80070005 (E_ACCESSDENIED))
System Exception 1035 : アクセスが拒否されました。 (HRESULT からの例外:0x80070005 (E_ACCESSDENIED))
System Exception 1035 : アクセスが拒否されました。 (HRESULT からの例外:0x80070005 (E_ACCESSDENIED))
System Exception 1035 : アクセスが拒否されました。 (HRESULT からの例外:0x80070005 (E_ACCESSDENIED))
Web Exception 2102 : リモート サーバーがエラーを返しました: (404) 見つかりません
Web Exception 2102 : リモート サーバーがエラーを返しました: (404) 見つかりません
Web Exception 2102 : リモート サーバーがエラーを返しました: (404) 見つかりません
Web Exception 2102 : リモート サーバーがエラーを返しました: (404) 見つかりません
Web Exception 2102 : リモート サーバーがエラーを返しました: (404) 見つかりません
System Exception 1035 : アクセスが拒否されました。 (HRESULT からの例外:0x80070005 (E_ACCESSDENIED))
System Exception 1035 : アクセスが拒否されました。 (HRESULT からの例外:0x80070005 (E_ACCESSDENIED))
System Exception 1035 : アクセスが拒否されました。 (HRESULT からの例外:0x80070005 (E_ACCESSDENIED))
System Exception 1035 : アクセスが拒否されました。 (HRESULT からの例外:0x80070005 (E_ACCESSDENIED))
System Exception 1035 : アクセスが拒否されました。 (HRESULT からの例外:0x80070005 (E_ACCESSDENIED))
System Exception 1035 : アクセスが拒否されました。 (HRESULT からの例外:0x80070005 (E_ACCESSDENIED))
System Exception 1035 : アクセスが拒否されました。 (HRESULT からの例外:0x80070005 (E_ACCESSDENIED))
System Exception 1035 : アクセスが拒否されました。 (HRESULT からの例外:0x80070005 (E_ACCESSDENIED))
System Exception 1035 : アクセスが拒否されました。 (HRESULT からの例外:0x80070005 (E_ACCESSDENIED))
System Exception 1035 : アクセスが拒否されました。 (HRESULT からの例外:0x80070005 (E_ACCESSDENIED))
System Exception 1035 : エラー HRESULT E_FAIL が COM コンポーネントの呼び出しから返されました。
System Exception 1028 : 致命的なエラーです。 (HRESULT からの例外:0x8000FFFF (E_UNEXPECTED))
System Exception 1035 : アクセスが拒否されました。 (HRESULT からの例外:0x80070005 (E_ACCESSDENIED))
System Exception 1035 : アクセスが拒否されました。 (HRESULT からの例外:0x80070005 (E_ACCESSDENIED))
Web Exception 2102 : リモート名を解決できませんでした。: 'i.listen.jp'
System Exception 1035 : アクセスが拒否されました。 (HRESULT からの例外:0x80070005 (E_ACCESSDENIED))
System Exception 1035 : アクセスが拒否されました。 (HRESULT からの例外:0x80070005 (E_ACCESSDENIED))
System Exception 1035 : アクセスが拒否されました。 (HRESULT からの例外:0x80070005 (E_ACCESSDENIED))
System Exception 1035 : アクセスが拒否されました。 (HRESULT からの例外:0x80070005 (E_ACCESSDENIED))
System Exception 1035 : アクセスが拒否されました。 (HRESULT からの例外:0x80070005 (E_ACCESSDENIED))
System Exception 1035 : アクセスが拒否されました。 (HRESULT からの例外:0x80070005 (E_ACCESSDENIED))

iTunes Versin : 12.0.1.26
OS Versin : 6.2.9200.0
UAC Enabled : True
App Versin : 2.2.0.8