iTune Exception 14203 : Unable to cast COM object of type 'System.__ComObject' to interface type 'iTunesLib.IITFileOrCDTrack'. This operation failed because the QueryInterface call on the COM component for the interface with IID '{00D7FE99-7868-4CC7-AD9E-ACFD70D09566}' failed due to the following error: インターフェイスがサポートされていません (Exception from HRESULT: 0x80004002 (E_NOINTERFACE)).
Web Exception 2102 : The remote server returned an error: (404) Not Found.
Web Exception 2102 : The remote server returned an error: (501) Not Implemented.
Web Exception 2102 : The remote server returned an error: (500) Internal Server Error.
Web Exception 2102 : The remote server returned an error: (404) Not Found.
System Exception 1035 : アクセスが拒否されました。 (Exception from HRESULT: 0x80070005 (E_ACCESSDENIED))
System Exception 1035 : アクセスが拒否されました。 (Exception from HRESULT: 0x80070005 (E_ACCESSDENIED))
System Exception 1035 : アクセスが拒否されました。 (Exception from HRESULT: 0x80070005 (E_ACCESSDENIED))
System Exception 1035 : アクセスが拒否されました。 (Exception from HRESULT: 0x80070005 (E_ACCESSDENIED))
System Exception 1035 : アクセスが拒否されました。 (Exception from HRESULT: 0x80070005 (E_ACCESSDENIED))
System Exception 1035 : アクセスが拒否されました。 (Exception from HRESULT: 0x80070005 (E_ACCESSDENIED))
System Exception 1035 : アクセスが拒否されました。 (Exception from HRESULT: 0x80070005 (E_ACCESSDENIED))
System Exception 1035 : アクセスが拒否されました。 (Exception from HRESULT: 0x80070005 (E_ACCESSDENIED))
System Exception 1035 : アクセスが拒否されました。 (Exception from HRESULT: 0x80070005 (E_ACCESSDENIED))
System Exception 1035 : アクセスが拒否されました。 (Exception from HRESULT: 0x80070005 (E_ACCESSDENIED))
System Exception 1035 : アクセスが拒否されました。 (Exception from HRESULT: 0x80070005 (E_ACCESSDENIED))
System Exception 1035 : アクセスが拒否されました。 (Exception from HRESULT: 0x80070005 (E_ACCESSDENIED))
System Exception 1035 : アクセスが拒否されました。 (Exception from HRESULT: 0x80070005 (E_ACCESSDENIED))
System Exception 1035 : アクセスが拒否されました。 (Exception from HRESULT: 0x80070005 (E_ACCESSDENIED))
System Exception 1035 : アクセスが拒否されました。 (Exception from HRESULT: 0x80070005 (E_ACCESSDENIED))
System Exception 1035 : アクセスが拒否されました。 (Exception from HRESULT: 0x80070005 (E_ACCESSDENIED))
System Exception 1035 : アクセスが拒否されました。 (Exception from HRESULT: 0x80070005 (E_ACCESSDENIED))
System Exception 1035 : アクセスが拒否されました。 (Exception from HRESULT: 0x80070005 (E_ACCESSDENIED))
System Exception 1035 : アクセスが拒否されました。 (Exception from HRESULT: 0x80070005 (E_ACCESSDENIED))
System Exception 1035 : アクセスが拒否されました。 (Exception from HRESULT: 0x80070005 (E_ACCESSDENIED))
System Exception 1035 : アクセスが拒否されました。 (Exception from HRESULT: 0x80070005 (E_ACCESSDENIED))
System Exception 1035 : アクセスが拒否されました。 (Exception from HRESULT: 0x80070005 (E_ACCESSDENIED))
System Exception 1035 : アクセスが拒否されました。 (Exception from HRESULT: 0x80070005 (E_ACCESSDENIED))
System Exception 1035 : アクセスが拒否されました。 (Exception from HRESULT: 0x80070005 (E_ACCESSDENIED))
System Exception 1035 : アクセスが拒否されました。 (Exception from HRESULT: 0x80070005 (E_ACCESSDENIED))
System Exception 1035 : アクセスが拒否されました。 (Exception from HRESULT: 0x80070005 (E_ACCESSDENIED))
System Exception 1035 : アクセスが拒否されました。 (Exception from HRESULT: 0x80070005 (E_ACCESSDENIED))
System Exception 1035 : アクセスが拒否されました。 (Exception from HRESULT: 0x80070005 (E_ACCESSDENIED))
System Exception 1035 : アクセスが拒否されました。 (Exception from HRESULT: 0x80070005 (E_ACCESSDENIED))
System Exception 1035 : アクセスが拒否されました。 (Exception from HRESULT: 0x80070005 (E_ACCESSDENIED))
System Exception 1035 : アクセスが拒否されました。 (Exception from HRESULT: 0x80070005 (E_ACCESSDENIED))
System Exception 1035 : アクセスが拒否されました。 (Exception from HRESULT: 0x80070005 (E_ACCESSDENIED))
System Exception 1035 : アクセスが拒否されました。 (Exception from HRESULT: 0x80070005 (E_ACCESSDENIED))
System Exception 1035 : アクセスが拒否されました。 (Exception from HRESULT: 0x80070005 (E_ACCESSDENIED))
System Exception 1035 : アクセスが拒否されました。 (Exception from HRESULT: 0x80070005 (E_ACCESSDENIED))
System Exception 1035 : アクセスが拒否されました。 (Exception from HRESULT: 0x80070005 (E_ACCESSDENIED))
System Exception 1035 : アクセスが拒否されました。 (Exception from HRESULT: 0x80070005 (E_ACCESSDENIED))
System Exception 1035 : アクセスが拒否されました。 (Exception from HRESULT: 0x80070005 (E_ACCESSDENIED))
System Exception 1035 : アクセスが拒否されました。 (Exception from HRESULT: 0x80070005 (E_ACCESSDENIED))
System Exception 1035 : アクセスが拒否されました。 (Exception from HRESULT: 0x80070005 (E_ACCESSDENIED))
System Exception 1035 : アクセスが拒否されました。 (Exception from HRESULT: 0x80070005 (E_ACCESSDENIED))
System Exception 1035 : アクセスが拒否されました。 (Exception from HRESULT: 0x80070005 (E_ACCESSDENIED))
System Exception 1035 : アクセスが拒否されました。 (Exception from HRESULT: 0x80070005 (E_ACCESSDENIED))
System Exception 1035 : アクセスが拒否されました。 (Exception from HRESULT: 0x80070005 (E_ACCESSDENIED))
System Exception 1035 : アクセスが拒否されました。 (Exception from HRESULT: 0x80070005 (E_ACCESSDENIED))
System Exception 1035 : アクセスが拒否されました。 (Exception from HRESULT: 0x80070005 (E_ACCESSDENIED))
System Exception 1035 : アクセスが拒否されました。 (Exception from HRESULT: 0x80070005 (E_ACCESSDENIED))
System Exception 1035 : アクセスが拒否されました。 (Exception from HRESULT: 0x80070005 (E_ACCESSDENIED))
System Exception 1035 : アクセスが拒否されました。 (Exception from HRESULT: 0x80070005 (E_ACCESSDENIED))
System Exception 1035 : アクセスが拒否されました。 (Exception from HRESULT: 0x80070005 (E_ACCESSDENIED))
System Exception 1035 : アクセスが拒否されました。 (Exception from HRESULT: 0x80070005 (E_ACCESSDENIED))
System Exception 1035 : アクセスが拒否されました。 (Exception from HRESULT: 0x80070005 (E_ACCESSDENIED))
System Exception 1035 : アクセスが拒否されました。 (Exception from HRESULT: 0x80070005 (E_ACCESSDENIED))
System Exception 1035 : アクセスが拒否されました。 (Exception from HRESULT: 0x80070005 (E_ACCESSDENIED))
System Exception 1035 : アクセスが拒否されました。 (Exception from HRESULT: 0x80070005 (E_ACCESSDENIED))
System Exception 1035 : アクセスが拒否されました。 (Exception from HRESULT: 0x80070005 (E_ACCESSDENIED))
System Exception 1035 : アクセスが拒否されました。 (Exception from HRESULT: 0x80070005 (E_ACCESSDENIED))
System Exception 1035 : アクセスが拒否されました。 (Exception from HRESULT: 0x80070005 (E_ACCESSDENIED))
System Exception 1035 : アクセスが拒否されました。 (Exception from HRESULT: 0x80070005 (E_ACCESSDENIED))
System Exception 1035 : アクセスが拒否されました。 (Exception from HRESULT: 0x80070005 (E_ACCESSDENIED))
System Exception 1035 : アクセスが拒否されました。 (Exception from HRESULT: 0x80070005 (E_ACCESSDENIED))
System Exception 1035 : アクセスが拒否されました。 (Exception from HRESULT: 0x80070005 (E_ACCESSDENIED))
System Exception 1035 : アクセスが拒否されました。 (Exception from HRESULT: 0x80070005 (E_ACCESSDENIED))
System Exception 1035 : アクセスが拒否されました。 (Exception from HRESULT: 0x80070005 (E_ACCESSDENIED))
System Exception 1035 : アクセスが拒否されました。 (Exception from HRESULT: 0x80070005 (E_ACCESSDENIED))
System Exception 1035 : アクセスが拒否されました。 (Exception from HRESULT: 0x80070005 (E_ACCESSDENIED))
System Exception 1035 : アクセスが拒否されました。 (Exception from HRESULT: 0x80070005 (E_ACCESSDENIED))
System Exception 1035 : アクセスが拒否されました。 (Exception from HRESULT: 0x80070005 (E_ACCESSDENIED))
System Exception 1035 : アクセスが拒否されました。 (Exception from HRESULT: 0x80070005 (E_ACCESSDENIED))
System Exception 1035 : アクセスが拒否されました。 (Exception from HRESULT: 0x80070005 (E_ACCESSDENIED))
System Exception 1035 : アクセスが拒否されました。 (Exception from HRESULT: 0x80070005 (E_ACCESSDENIED))
System Exception 1035 : アクセスが拒否されました。 (Exception from HRESULT: 0x80070005 (E_ACCESSDENIED))
System Exception 1035 : アクセスが拒否されました。 (Exception from HRESULT: 0x80070005 (E_ACCESSDENIED))
System Exception 1035 : アクセスが拒否されました。 (Exception from HRESULT: 0x80070005 (E_ACCESSDENIED))
System Exception 1035 : アクセスが拒否されました。 (Exception from HRESULT: 0x80070005 (E_ACCESSDENIED))
System Exception 1035 : アクセスが拒否されました。 (Exception from HRESULT: 0x80070005 (E_ACCESSDENIED))
System Exception 1035 : アクセスが拒否されました。 (Exception from HRESULT: 0x80070005 (E_ACCESSDENIED))
System Exception 1035 : アクセスが拒否されました。 (Exception from HRESULT: 0x80070005 (E_ACCESSDENIED))
System Exception 1035 : アクセスが拒否されました。 (Exception from HRESULT: 0x80070005 (E_ACCESSDENIED))
System Exception 1035 : アクセスが拒否されました。 (Exception from HRESULT: 0x80070005 (E_ACCESSDENIED))
System Exception 1035 : アクセスが拒否されました。 (Exception from HRESULT: 0x80070005 (E_ACCESSDENIED))
System Exception 1035 : アクセスが拒否されました。 (Exception from HRESULT: 0x80070005 (E_ACCESSDENIED))
System Exception 1035 : アクセスが拒否されました。 (Exception from HRESULT: 0x80070005 (E_ACCESSDENIED))
System Exception 1035 : アクセスが拒否されました。 (Exception from HRESULT: 0x80070005 (E_ACCESSDENIED))
System Exception 1035 : アクセスが拒否されました。 (Exception from HRESULT: 0x80070005 (E_ACCESSDENIED))
System Exception 1035 : アクセスが拒否されました。 (Exception from HRESULT: 0x80070005 (E_ACCESSDENIED))
System Exception 1035 : アクセスが拒否されました。 (Exception from HRESULT: 0x80070005 (E_ACCESSDENIED))
System Exception 1035 : アクセスが拒否されました。 (Exception from HRESULT: 0x80070005 (E_ACCESSDENIED))
System Exception 1035 : アクセスが拒否されました。 (Exception from HRESULT: 0x80070005 (E_ACCESSDENIED))
System Exception 1035 : アクセスが拒否されました。 (Exception from HRESULT: 0x80070005 (E_ACCESSDENIED))
System Exception 1035 : アクセスが拒否されました。 (Exception from HRESULT: 0x80070005 (E_ACCESSDENIED))
System Exception 1035 : アクセスが拒否されました。 (Exception from HRESULT: 0x80070005 (E_ACCESSDENIED))
System Exception 1035 : アクセスが拒否されました。 (Exception from HRESULT: 0x80070005 (E_ACCESSDENIED))
System Exception 1035 : アクセスが拒否されました。 (Exception from HRESULT: 0x80070005 (E_ACCESSDENIED))
System Exception 1035 : アクセスが拒否されました。 (Exception from HRESULT: 0x80070005 (E_ACCESSDENIED))
System Exception 1035 : アクセスが拒否されました。 (Exception from HRESULT: 0x80070005 (E_ACCESSDENIED))
System Exception 1035 : アクセスが拒否されました。 (Exception from HRESULT: 0x80070005 (E_ACCESSDENIED))
System Exception 1035 : アクセスが拒否されました。 (Exception from HRESULT: 0x80070005 (E_ACCESSDENIED))
System Exception 1035 : アクセスが拒否されました。 (Exception from HRESULT: 0x80070005 (E_ACCESSDENIED))
System Exception 1035 : アクセスが拒否されました。 (Exception from HRESULT: 0x80070005 (E_ACCESSDENIED))
System Exception 1035 : アクセスが拒否されました。 (Exception from HRESULT: 0x80070005 (E_ACCESSDENIED))
System Exception 1035 : アクセスが拒否されました。 (Exception from HRESULT: 0x80070005 (E_ACCESSDENIED))
System Exception 1035 : アクセスが拒否されました。 (Exception from HRESULT: 0x80070005 (E_ACCESSDENIED))
System Exception 1035 : アクセスが拒否されました。 (Exception from HRESULT: 0x80070005 (E_ACCESSDENIED))
System Exception 1035 : アクセスが拒否されました。 (Exception from HRESULT: 0x80070005 (E_ACCESSDENIED))
System Exception 1035 : アクセスが拒否されました。 (Exception from HRESULT: 0x80070005 (E_ACCESSDENIED))
System Exception 1035 : アクセスが拒否されました。 (Exception from HRESULT: 0x80070005 (E_ACCESSDENIED))
System Exception 1035 : アクセスが拒否されました。 (Exception from HRESULT: 0x80070005 (E_ACCESSDENIED))
System Exception 1035 : アクセスが拒否されました。 (Exception from HRESULT: 0x80070005 (E_ACCESSDENIED))
System Exception 1035 : アクセスが拒否されました。 (Exception from HRESULT: 0x80070005 (E_ACCESSDENIED))
System Exception 1035 : アクセスが拒否されました。 (Exception from HRESULT: 0x80070005 (E_ACCESSDENIED))
System Exception 1035 : アクセスが拒否されました。 (Exception from HRESULT: 0x80070005 (E_ACCESSDENIED))
System Exception 1035 : アクセスが拒否されました。 (Exception from HRESULT: 0x80070005 (E_ACCESSDENIED))
System Exception 1035 : アクセスが拒否されました。 (Exception from HRESULT: 0x80070005 (E_ACCESSDENIED))
System Exception 1035 : アクセスが拒否されました。 (Exception from HRESULT: 0x80070005 (E_ACCESSDENIED))
System Exception 1035 : アクセスが拒否されました。 (Exception from HRESULT: 0x80070005 (E_ACCESSDENIED))
System Exception 1035 : アクセスが拒否されました。 (Exception from HRESULT: 0x80070005 (E_ACCESSDENIED))
System Exception 1035 : アクセスが拒否されました。 (Exception from HRESULT: 0x80070005 (E_ACCESSDENIED))
System Exception 1035 : アクセスが拒否されました。 (Exception from HRESULT: 0x80070005 (E_ACCESSDENIED))
System Exception 1035 : アクセスが拒否されました。 (Exception from HRESULT: 0x80070005 (E_ACCESSDENIED))
System Exception 1035 : アクセスが拒否されました。 (Exception from HRESULT: 0x80070005 (E_ACCESSDENIED))
System Exception 1035 : アクセスが拒否されました。 (Exception from HRESULT: 0x80070005 (E_ACCESSDENIED))
System Exception 1035 : アクセスが拒否されました。 (Exception from HRESULT: 0x80070005 (E_ACCESSDENIED))
System Exception 1035 : アクセスが拒否されました。 (Exception from HRESULT: 0x80070005 (E_ACCESSDENIED))
System Exception 1035 : アクセスが拒否されました。 (Exception from HRESULT: 0x80070005 (E_ACCESSDENIED))
System Exception 1035 : アクセスが拒否されました。 (Exception from HRESULT: 0x80070005 (E_ACCESSDENIED))
System Exception 1035 : アクセスが拒否されました。 (Exception from HRESULT: 0x80070005 (E_ACCESSDENIED))
System Exception 1035 : アクセスが拒否されました。 (Exception from HRESULT: 0x80070005 (E_ACCESSDENIED))
System Exception 1035 : アクセスが拒否されました。 (Exception from HRESULT: 0x80070005 (E_ACCESSDENIED))
System Exception 1035 : アクセスが拒否されました。 (Exception from HRESULT: 0x80070005 (E_ACCESSDENIED))
System Exception 1035 : アクセスが拒否されました。 (Exception from HRESULT: 0x80070005 (E_ACCESSDENIED))
System Exception 1035 : アクセスが拒否されました。 (Exception from HRESULT: 0x80070005 (E_ACCESSDENIED))
System Exception 1035 : アクセスが拒否されました。 (Exception from HRESULT: 0x80070005 (E_ACCESSDENIED))
System Exception 1035 : アクセスが拒否されました。 (Exception from HRESULT: 0x80070005 (E_ACCESSDENIED))
System Exception 1035 : アクセスが拒否されました。 (Exception from HRESULT: 0x80070005 (E_ACCESSDENIED))
System Exception 1035 : アクセスが拒否されました。 (Exception from HRESULT: 0x80070005 (E_ACCESSDENIED))
System Exception 1035 : アクセスが拒否されました。 (Exception from HRESULT: 0x80070005 (E_ACCESSDENIED))
System Exception 1035 : アクセスが拒否されました。 (Exception from HRESULT: 0x80070005 (E_ACCESSDENIED))
System Exception 1035 : アクセスが拒否されました。 (Exception from HRESULT: 0x80070005 (E_ACCESSDENIED))
System Exception 1035 : アクセスが拒否されました。 (Exception from HRESULT: 0x80070005 (E_ACCESSDENIED))
System Exception 1035 : アクセスが拒否されました。 (Exception from HRESULT: 0x80070005 (E_ACCESSDENIED))
System Exception 1035 : アクセスが拒否されました。 (Exception from HRESULT: 0x80070005 (E_ACCESSDENIED))
System Exception 1035 : アクセスが拒否されました。 (Exception from HRESULT: 0x80070005 (E_ACCESSDENIED))
System Exception 1035 : アクセスが拒否されました。 (Exception from HRESULT: 0x80070005 (E_ACCESSDENIED))
System Exception 1035 : アクセスが拒否されました。 (Exception from HRESULT: 0x80070005 (E_ACCESSDENIED))
System Exception 1035 : アクセスが拒否されました。 (Exception from HRESULT: 0x80070005 (E_ACCESSDENIED))
System Exception 1035 : アクセスが拒否されました。 (Exception from HRESULT: 0x80070005 (E_ACCESSDENIED))
System Exception 1035 : アクセスが拒否されました。 (Exception from HRESULT: 0x80070005 (E_ACCESSDENIED))
System Exception 1035 : アクセスが拒否されました。 (Exception from HRESULT: 0x80070005 (E_ACCESSDENIED))
System Exception 1035 : アクセスが拒否されました。 (Exception from HRESULT: 0x80070005 (E_ACCESSDENIED))
System Exception 1035 : アクセスが拒否されました。 (Exception from HRESULT: 0x80070005 (E_ACCESSDENIED))
System Exception 1035 : アクセスが拒否されました。 (Exception from HRESULT: 0x80070005 (E_ACCESSDENIED))
System Exception 1035 : アクセスが拒否されました。 (Exception from HRESULT: 0x80070005 (E_ACCESSDENIED))
System Exception 1035 : アクセスが拒否されました。 (Exception from HRESULT: 0x80070005 (E_ACCESSDENIED))
System Exception 1035 : アクセスが拒否されました。 (Exception from HRESULT: 0x80070005 (E_ACCESSDENIED))
System Exception 1035 : アクセスが拒否されました。 (Exception from HRESULT: 0x80070005 (E_ACCESSDENIED))
System Exception 1035 : アクセスが拒否されました。 (Exception from HRESULT: 0x80070005 (E_ACCESSDENIED))
System Exception 1035 : アクセスが拒否されました。 (Exception from HRESULT: 0x80070005 (E_ACCESSDENIED))
System Exception 1035 : アクセスが拒否されました。 (Exception from HRESULT: 0x80070005 (E_ACCESSDENIED))
System Exception 1035 : アクセスが拒否されました。 (Exception from HRESULT: 0x80070005 (E_ACCESSDENIED))
System Exception 1035 : アクセスが拒否されました。 (Exception from HRESULT: 0x80070005 (E_ACCESSDENIED))
System Exception 1035 : アクセスが拒否されました。 (Exception from HRESULT: 0x80070005 (E_ACCESSDENIED))
System Exception 1035 : アクセスが拒否されました。 (Exception from HRESULT: 0x80070005 (E_ACCESSDENIED))
System Exception 1035 : アクセスが拒否されました。 (Exception from HRESULT: 0x80070005 (E_ACCESSDENIED))
System Exception 1035 : アクセスが拒否されました。 (Exception from HRESULT: 0x80070005 (E_ACCESSDENIED))
System Exception 1035 : アクセスが拒否されました。 (Exception from HRESULT: 0x80070005 (E_ACCESSDENIED))
System Exception 1035 : アクセスが拒否されました。 (Exception from HRESULT: 0x80070005 (E_ACCESSDENIED))
System Exception 1035 : アクセスが拒否されました。 (Exception from HRESULT: 0x80070005 (E_ACCESSDENIED))
System Exception 1035 : アクセスが拒否されました。 (Exception from HRESULT: 0x80070005 (E_ACCESSDENIED))
System Exception 1035 : アクセスが拒否されました。 (Exception from HRESULT: 0x80070005 (E_ACCESSDENIED))
System Exception 1035 : アクセスが拒否されました。 (Exception from HRESULT: 0x80070005 (E_ACCESSDENIED))
System Exception 1035 : アクセスが拒否されました。 (Exception from HRESULT: 0x80070005 (E_ACCESSDENIED))
System Exception 1035 : アクセスが拒否されました。 (Exception from HRESULT: 0x80070005 (E_ACCESSDENIED))
System Exception 1035 : アクセスが拒否されました。 (Exception from HRESULT: 0x80070005 (E_ACCESSDENIED))
System Exception 1035 : アクセスが拒否されました。 (Exception from HRESULT: 0x80070005 (E_ACCESSDENIED))
System Exception 1035 : アクセスが拒否されました。 (Exception from HRESULT: 0x80070005 (E_ACCESSDENIED))
System Exception 1035 : アクセスが拒否されました。 (Exception from HRESULT: 0x80070005 (E_ACCESSDENIED))
System Exception 1035 : アクセスが拒否されました。 (Exception from HRESULT: 0x80070005 (E_ACCESSDENIED))
System Exception 1035 : アクセスが拒否されました。 (Exception from HRESULT: 0x80070005 (E_ACCESSDENIED))
System Exception 1035 : アクセスが拒否されました。 (Exception from HRESULT: 0x80070005 (E_ACCESSDENIED))
System Exception 1035 : アクセスが拒否されました。 (Exception from HRESULT: 0x80070005 (E_ACCESSDENIED))
System Exception 1035 : アクセスが拒否されました。 (Exception from HRESULT: 0x80070005 (E_ACCESSDENIED))
System Exception 1035 : アクセスが拒否されました。 (Exception from HRESULT: 0x80070005 (E_ACCESSDENIED))
System Exception 1035 : アクセスが拒否されました。 (Exception from HRESULT: 0x80070005 (E_ACCESSDENIED))
System Exception 1035 : アクセスが拒否されました。 (Exception from HRESULT: 0x80070005 (E_ACCESSDENIED))
System Exception 1035 : アクセスが拒否されました。 (Exception from HRESULT: 0x80070005 (E_ACCESSDENIED))
System Exception 1035 : アクセスが拒否されました。 (Exception from HRESULT: 0x80070005 (E_ACCESSDENIED))
System Exception 1035 : アクセスが拒否されました。 (Exception from HRESULT: 0x80070005 (E_ACCESSDENIED))
System Exception 1035 : アクセスが拒否されました。 (Exception from HRESULT: 0x80070005 (E_ACCESSDENIED))
System Exception 1035 : アクセスが拒否されました。 (Exception from HRESULT: 0x80070005 (E_ACCESSDENIED))
System Exception 1035 : アクセスが拒否されました。 (Exception from HRESULT: 0x80070005 (E_ACCESSDENIED))
System Exception 1035 : アクセスが拒否されました。 (Exception from HRESULT: 0x80070005 (E_ACCESSDENIED))
System Exception 1035 : アクセスが拒否されました。 (Exception from HRESULT: 0x80070005 (E_ACCESSDENIED))
System Exception 1035 : アクセスが拒否されました。 (Exception from HRESULT: 0x80070005 (E_ACCESSDENIED))
System Exception 1035 : アクセスが拒否されました。 (Exception from HRESULT: 0x80070005 (E_ACCESSDENIED))
System Exception 1035 : アクセスが拒否されました。 (Exception from HRESULT: 0x80070005 (E_ACCESSDENIED))
System Exception 1035 : アクセスが拒否されました。 (Exception from HRESULT: 0x80070005 (E_ACCESSDENIED))
System Exception 1035 : アクセスが拒否されました。 (Exception from HRESULT: 0x80070005 (E_ACCESSDENIED))
System Exception 1035 : アクセスが拒否されました。 (Exception from HRESULT: 0x80070005 (E_ACCESSDENIED))
System Exception 1035 : アクセスが拒否されました。 (Exception from HRESULT: 0x80070005 (E_ACCESSDENIED))
System Exception 1035 : アクセスが拒否されました。 (Exception from HRESULT: 0x80070005 (E_ACCESSDENIED))
System Exception 1035 : アクセスが拒否されました。 (Exception from HRESULT: 0x80070005 (E_ACCESSDENIED))
System Exception 1035 : アクセスが拒否されました。 (Exception from HRESULT: 0x80070005 (E_ACCESSDENIED))
System Exception 1035 : アクセスが拒否されました。 (Exception from HRESULT: 0x80070005 (E_ACCESSDENIED))
System Exception 1035 : アクセスが拒否されました。 (Exception from HRESULT: 0x80070005 (E_ACCESSDENIED))
System Exception 1035 : アクセスが拒否されました。 (Exception from HRESULT: 0x80070005 (E_ACCESSDENIED))
System Exception 1035 : アクセスが拒否されました。 (Exception from HRESULT: 0x80070005 (E_ACCESSDENIED))
System Exception 1035 : アクセスが拒否されました。 (Exception from HRESULT: 0x80070005 (E_ACCESSDENIED))
System Exception 1035 : アクセスが拒否されました。 (Exception from HRESULT: 0x80070005 (E_ACCESSDENIED))
System Exception 1035 : アクセスが拒否されました。 (Exception from HRESULT: 0x80070005 (E_ACCESSDENIED))
System Exception 1035 : アクセスが拒否されました。 (Exception from HRESULT: 0x80070005 (E_ACCESSDENIED))
System Exception 1035 : アクセスが拒否されました。 (Exception from HRESULT: 0x80070005 (E_ACCESSDENIED))
System Exception 1035 : アクセスが拒否されました。 (Exception from HRESULT: 0x80070005 (E_ACCESSDENIED))
System Exception 1035 : アクセスが拒否されました。 (Exception from HRESULT: 0x80070005 (E_ACCESSDENIED))
System Exception 1035 : アクセスが拒否されました。 (Exception from HRESULT: 0x80070005 (E_ACCESSDENIED))
System Exception 1035 : アクセスが拒否されました。 (Exception from HRESULT: 0x80070005 (E_ACCESSDENIED))
System Exception 1035 : アクセスが拒否されました。 (Exception from HRESULT: 0x80070005 (E_ACCESSDENIED))
System Exception 1035 : アクセスが拒否されました。 (Exception from HRESULT: 0x80070005 (E_ACCESSDENIED))
System Exception 1035 : アクセスが拒否されました。 (Exception from HRESULT: 0x80070005 (E_ACCESSDENIED))
System Exception 1035 : アクセスが拒否されました。 (Exception from HRESULT: 0x80070005 (E_ACCESSDENIED))
System Exception 1035 : アクセスが拒否されました。 (Exception from HRESULT: 0x80070005 (E_ACCESSDENIED))
System Exception 1035 : アクセスが拒否されました。 (Exception from HRESULT: 0x80070005 (E_ACCESSDENIED))
System Exception 1035 : アクセスが拒否されました。 (Exception from HRESULT: 0x80070005 (E_ACCESSDENIED))
System Exception 1035 : アクセスが拒否されました。 (Exception from HRESULT: 0x80070005 (E_ACCESSDENIED))
System Exception 1035 : アクセスが拒否されました。 (Exception from HRESULT: 0x80070005 (E_ACCESSDENIED))
Web Exception 2102 : The remote server returned an error: (503) Server Unavailable.
Web Exception 2102 : The remote server returned an error: (404) Not Found.
System Exception 1035 : アクセスが拒否されました。 (Exception from HRESULT: 0x80070005 (E_ACCESSDENIED))
System Exception 1035 : アクセスが拒否されました。 (Exception from HRESULT: 0x80070005 (E_ACCESSDENIED))
System Exception 1035 : アクセスが拒否されました。 (Exception from HRESULT: 0x80070005 (E_ACCESSDENIED))
System Exception 1035 : アクセスが拒否されました。 (Exception from HRESULT: 0x80070005 (E_ACCESSDENIED))
System Exception 1035 : アクセスが拒否されました。 (Exception from HRESULT: 0x80070005 (E_ACCESSDENIED))
System Exception 1035 : アクセスが拒否されました。 (Exception from HRESULT: 0x80070005 (E_ACCESSDENIED))
System Exception 1035 : アクセスが拒否されました。 (Exception from HRESULT: 0x80070005 (E_ACCESSDENIED))
System Exception 1035 : アクセスが拒否されました。 (Exception from HRESULT: 0x80070005 (E_ACCESSDENIED))
System Exception 1035 : アクセスが拒否されました。 (Exception from HRESULT: 0x80070005 (E_ACCESSDENIED))
System Exception 1035 : アクセスが拒否されました。 (Exception from HRESULT: 0x80070005 (E_ACCESSDENIED))
System Exception 1035 : アクセスが拒否されました。 (Exception from HRESULT: 0x80070005 (E_ACCESSDENIED))
System Exception 1035 : アクセスが拒否されました。 (Exception from HRESULT: 0x80070005 (E_ACCESSDENIED))
System Exception 1035 : アクセスが拒否されました。 (Exception from HRESULT: 0x80070005 (E_ACCESSDENIED))
System Exception 1035 : アクセスが拒否されました。 (Exception from HRESULT: 0x80070005 (E_ACCESSDENIED))
System Exception 1035 : アクセスが拒否されました。 (Exception from HRESULT: 0x80070005 (E_ACCESSDENIED))
System Exception 1035 : アクセスが拒否されました。 (Exception from HRESULT: 0x80070005 (E_ACCESSDENIED))
System Exception 1035 : アクセスが拒否されました。 (Exception from HRESULT: 0x80070005 (E_ACCESSDENIED))
System Exception 1035 : アクセスが拒否されました。 (Exception from HRESULT: 0x80070005 (E_ACCESSDENIED))
System Exception 1035 : アクセスが拒否されました。 (Exception from HRESULT: 0x80070005 (E_ACCESSDENIED))
System Exception 1035 : アクセスが拒否されました。 (Exception from HRESULT: 0x80070005 (E_ACCESSDENIED))
System Exception 1035 : アクセスが拒否されました。 (Exception from HRESULT: 0x80070005 (E_ACCESSDENIED))
System Exception 1035 : アクセスが拒否されました。 (Exception from HRESULT: 0x80070005 (E_ACCESSDENIED))
System Exception 1035 : アクセスが拒否されました。 (Exception from HRESULT: 0x80070005 (E_ACCESSDENIED))
System Exception 1035 : アクセスが拒否されました。 (Exception from HRESULT: 0x80070005 (E_ACCESSDENIED))
System Exception 1035 : アクセスが拒否されました。 (Exception from HRESULT: 0x80070005 (E_ACCESSDENIED))
System Exception 1035 : アクセスが拒否されました。 (Exception from HRESULT: 0x80070005 (E_ACCESSDENIED))
System Exception 1035 : アクセスが拒否されました。 (Exception from HRESULT: 0x80070005 (E_ACCESSDENIED))
System Exception 1035 : アクセスが拒否されました。 (Exception from HRESULT: 0x80070005 (E_ACCESSDENIED))
System Exception 1035 : アクセスが拒否されました。 (Exception from HRESULT: 0x80070005 (E_ACCESSDENIED))
System Exception 1035 : アクセスが拒否されました。 (Exception from HRESULT: 0x80070005 (E_ACCESSDENIED))
System Exception 1035 : アクセスが拒否されました。 (Exception from HRESULT: 0x80070005 (E_ACCESSDENIED))
System Exception 1035 : アクセスが拒否されました。 (Exception from HRESULT: 0x80070005 (E_ACCESSDENIED))
System Exception 1035 : アクセスが拒否されました。 (Exception from HRESULT: 0x80070005 (E_ACCESSDENIED))
System Exception 1035 : アクセスが拒否されました。 (Exception from HRESULT: 0x80070005 (E_ACCESSDENIED))
System Exception 1035 : アクセスが拒否されました。 (Exception from HRESULT: 0x80070005 (E_ACCESSDENIED))
System Exception 1035 : アクセスが拒否されました。 (Exception from HRESULT: 0x80070005 (E_ACCESSDENIED))
System Exception 1035 : アクセスが拒否されました。 (Exception from HRESULT: 0x80070005 (E_ACCESSDENIED))
System Exception 1035 : アクセスが拒否されました。 (Exception from HRESULT: 0x80070005 (E_ACCESSDENIED))
System Exception 1035 : アクセスが拒否されました。 (Exception from HRESULT: 0x80070005 (E_ACCESSDENIED))
System Exception 1035 : アクセスが拒否されました。 (Exception from HRESULT: 0x80070005 (E_ACCESSDENIED))
System Exception 1035 : アクセスが拒否されました。 (Exception from HRESULT: 0x80070005 (E_ACCESSDENIED))
System Exception 1035 : アクセスが拒否されました。 (Exception from HRESULT: 0x80070005 (E_ACCESSDENIED))
System Exception 1035 : アクセスが拒否されました。 (Exception from HRESULT: 0x80070005 (E_ACCESSDENIED))
System Exception 1035 : アクセスが拒否されました。 (Exception from HRESULT: 0x80070005 (E_ACCESSDENIED))
System Exception 1035 : アクセスが拒否されました。 (Exception from HRESULT: 0x80070005 (E_ACCESSDENIED))
System Exception 1035 : アクセスが拒否されました。 (Exception from HRESULT: 0x80070005 (E_ACCESSDENIED))
System Exception 1035 : アクセスが拒否されました。 (Exception from HRESULT: 0x80070005 (E_ACCESSDENIED))
System Exception 1035 : アクセスが拒否されました。 (Exception from HRESULT: 0x80070005 (E_ACCESSDENIED))
System Exception 1035 : アクセスが拒否されました。 (Exception from HRESULT: 0x80070005 (E_ACCESSDENIED))
System Exception 1035 : アクセスが拒否されました。 (Exception from HRESULT: 0x80070005 (E_ACCESSDENIED))
System Exception 1035 : アクセスが拒否されました。 (Exception from HRESULT: 0x80070005 (E_ACCESSDENIED))
System Exception 1035 : アクセスが拒否されました。 (Exception from HRESULT: 0x80070005 (E_ACCESSDENIED))
System Exception 1035 : アクセスが拒否されました。 (Exception from HRESULT: 0x80070005 (E_ACCESSDENIED))
System Exception 1035 : アクセスが拒否されました。 (Exception from HRESULT: 0x80070005 (E_ACCESSDENIED))
System Exception 1035 : アクセスが拒否されました。 (Exception from HRESULT: 0x80070005 (E_ACCESSDENIED))
System Exception 1035 : アクセスが拒否されました。 (Exception from HRESULT: 0x80070005 (E_ACCESSDENIED))
System Exception 1035 : アクセスが拒否されました。 (Exception from HRESULT: 0x80070005 (E_ACCESSDENIED))
System Exception 1035 : アクセスが拒否されました。 (Exception from HRESULT: 0x80070005 (E_ACCESSDENIED))
System Exception 1035 : アクセスが拒否されました。 (Exception from HRESULT: 0x80070005 (E_ACCESSDENIED))
System Exception 1035 : アクセスが拒否されました。 (Exception from HRESULT: 0x80070005 (E_ACCESSDENIED))
System Exception 1035 : アクセスが拒否されました。 (Exception from HRESULT: 0x80070005 (E_ACCESSDENIED))
System Exception 1035 : アクセスが拒否されました。 (Exception from HRESULT: 0x80070005 (E_ACCESSDENIED))
System Exception 1035 : アクセスが拒否されました。 (Exception from HRESULT: 0x80070005 (E_ACCESSDENIED))
System Exception 1035 : アクセスが拒否されました。 (Exception from HRESULT: 0x80070005 (E_ACCESSDENIED))
System Exception 1035 : アクセスが拒否されました。 (Exception from HRESULT: 0x80070005 (E_ACCESSDENIED))
System Exception 1035 : アクセスが拒否されました。 (Exception from HRESULT: 0x80070005 (E_ACCESSDENIED))
System Exception 1035 : アクセスが拒否されました。 (Exception from HRESULT: 0x80070005 (E_ACCESSDENIED))
System Exception 1035 : アクセスが拒否されました。 (Exception from HRESULT: 0x80070005 (E_ACCESSDENIED))
System Exception 1035 : アクセスが拒否されました。 (Exception from HRESULT: 0x80070005 (E_ACCESSDENIED))
System Exception 1035 : アクセスが拒否されました。 (Exception from HRESULT: 0x80070005 (E_ACCESSDENIED))
System Exception 1035 : アクセスが拒否されました。 (Exception from HRESULT: 0x80070005 (E_ACCESSDENIED))
System Exception 1035 : アクセスが拒否されました。 (Exception from HRESULT: 0x80070005 (E_ACCESSDENIED))
System Exception 1035 : アクセスが拒否されました。 (Exception from HRESULT: 0x80070005 (E_ACCESSDENIED))
System Exception 1035 : アクセスが拒否されました。 (Exception from HRESULT: 0x80070005 (E_ACCESSDENIED))
System Exception 1035 : アクセスが拒否されました。 (Exception from HRESULT: 0x80070005 (E_ACCESSDENIED))
System Exception 1035 : アクセスが拒否されました。 (Exception from HRESULT: 0x80070005 (E_ACCESSDENIED))
System Exception 1035 : アクセスが拒否されました。 (Exception from HRESULT: 0x80070005 (E_ACCESSDENIED))
System Exception 1035 : アクセスが拒否されました。 (Exception from HRESULT: 0x80070005 (E_ACCESSDENIED))
System Exception 1035 : アクセスが拒否されました。 (Exception from HRESULT: 0x80070005 (E_ACCESSDENIED))
System Exception 1035 : アクセスが拒否されました。 (Exception from HRESULT: 0x80070005 (E_ACCESSDENIED))
System Exception 1035 : アクセスが拒否されました。 (Exception from HRESULT: 0x80070005 (E_ACCESSDENIED))
System Exception 1035 : アクセスが拒否されました。 (Exception from HRESULT: 0x80070005 (E_ACCESSDENIED))
System Exception 1035 : アクセスが拒否されました。 (Exception from HRESULT: 0x80070005 (E_ACCESSDENIED))
System Exception 1035 : アクセスが拒否されました。 (Exception from HRESULT: 0x80070005 (E_ACCESSDENIED))
System Exception 1035 : アクセスが拒否されました。 (Exception from HRESULT: 0x80070005 (E_ACCESSDENIED))
System Exception 1035 : アクセスが拒否されました。 (Exception from HRESULT: 0x80070005 (E_ACCESSDENIED))
System Exception 1035 : アクセスが拒否されました。 (Exception from HRESULT: 0x80070005 (E_ACCESSDENIED))
System Exception 1035 : アクセスが拒否されました。 (Exception from HRESULT: 0x80070005 (E_ACCESSDENIED))
System Exception 1035 : アクセスが拒否されました。 (Exception from HRESULT: 0x80070005 (E_ACCESSDENIED))
System Exception 1035 : アクセスが拒否されました。 (Exception from HRESULT: 0x80070005 (E_ACCESSDENIED))
System Exception 1035 : アクセスが拒否されました。 (Exception from HRESULT: 0x80070005 (E_ACCESSDENIED))
System Exception 1035 : アクセスが拒否されました。 (Exception from HRESULT: 0x80070005 (E_ACCESSDENIED))
System Exception 1035 : アクセスが拒否されました。 (Exception from HRESULT: 0x80070005 (E_ACCESSDENIED))
System Exception 1035 : アクセスが拒否されました。 (Exception from HRESULT: 0x80070005 (E_ACCESSDENIED))
System Exception 1035 : アクセスが拒否されました。 (Exception from HRESULT: 0x80070005 (E_ACCESSDENIED))
System Exception 1035 : アクセスが拒否されました。 (Exception from HRESULT: 0x80070005 (E_ACCESSDENIED))
System Exception 1035 : アクセスが拒否されました。 (Exception from HRESULT: 0x80070005 (E_ACCESSDENIED))
System Exception 1035 : アクセスが拒否されました。 (Exception from HRESULT: 0x80070005 (E_ACCESSDENIED))
System Exception 1035 : アクセスが拒否されました。 (Exception from HRESULT: 0x80070005 (E_ACCESSDENIED))
System Exception 1035 : アクセスが拒否されました。 (Exception from HRESULT: 0x80070005 (E_ACCESSDENIED))
System Exception 1035 : アクセスが拒否されました。 (Exception from HRESULT: 0x80070005 (E_ACCESSDENIED))
System Exception 1035 : アクセスが拒否されました。 (Exception from HRESULT: 0x80070005 (E_ACCESSDENIED))
System Exception 1035 : アクセスが拒否されました。 (Exception from HRESULT: 0x80070005 (E_ACCESSDENIED))
System Exception 1035 : アクセスが拒否されました。 (Exception from HRESULT: 0x80070005 (E_ACCESSDENIED))
System Exception 1035 : アクセスが拒否されました。 (Exception from HRESULT: 0x80070005 (E_ACCESSDENIED))
System Exception 1035 : アクセスが拒否されました。 (Exception from HRESULT: 0x80070005 (E_ACCESSDENIED))
System Exception 1035 : アクセスが拒否されました。 (Exception from HRESULT: 0x80070005 (E_ACCESSDENIED))
System Exception 1035 : アクセスが拒否されました。 (Exception from HRESULT: 0x80070005 (E_ACCESSDENIED))
System Exception 1035 : アクセスが拒否されました。 (Exception from HRESULT: 0x80070005 (E_ACCESSDENIED))
System Exception 1035 : アクセスが拒否されました。 (Exception from HRESULT: 0x80070005 (E_ACCESSDENIED))
System Exception 1035 : アクセスが拒否されました。 (Exception from HRESULT: 0x80070005 (E_ACCESSDENIED))
System Exception 1035 : アクセスが拒否されました。 (Exception from HRESULT: 0x80070005 (E_ACCESSDENIED))
System Exception 1035 : アクセスが拒否されました。 (Exception from HRESULT: 0x80070005 (E_ACCESSDENIED))
System Exception 1035 : アクセスが拒否されました。 (Exception from HRESULT: 0x80070005 (E_ACCESSDENIED))
System Exception 1035 : アクセスが拒否されました。 (Exception from HRESULT: 0x80070005 (E_ACCESSDENIED))
System Exception 1035 : アクセスが拒否されました。 (Exception from HRESULT: 0x80070005 (E_ACCESSDENIED))
System Exception 1035 : アクセスが拒否されました。 (Exception from HRESULT: 0x80070005 (E_ACCESSDENIED))
System Exception 1035 : アクセスが拒否されました。 (Exception from HRESULT: 0x80070005 (E_ACCESSDENIED))
System Exception 1035 : アクセスが拒否されました。 (Exception from HRESULT: 0x80070005 (E_ACCESSDENIED))
System Exception 1035 : アクセスが拒否されました。 (Exception from HRESULT: 0x80070005 (E_ACCESSDENIED))
System Exception 1035 : アクセスが拒否されました。 (Exception from HRESULT: 0x80070005 (E_ACCESSDENIED))
System Exception 1035 : アクセスが拒否されました。 (Exception from HRESULT: 0x80070005 (E_ACCESSDENIED))
System Exception 1035 : アクセスが拒否されました。 (Exception from HRESULT: 0x80070005 (E_ACCESSDENIED))
System Exception 1035 : アクセスが拒否されました。 (Exception from HRESULT: 0x80070005 (E_ACCESSDENIED))
System Exception 1035 : アクセスが拒否されました。 (Exception from HRESULT: 0x80070005 (E_ACCESSDENIED))
System Exception 1035 : アクセスが拒否されました。 (Exception from HRESULT: 0x80070005 (E_ACCESSDENIED))
System Exception 1035 : アクセスが拒否されました。 (Exception from HRESULT: 0x80070005 (E_ACCESSDENIED))
System Exception 1035 : アクセスが拒否されました。 (Exception from HRESULT: 0x80070005 (E_ACCESSDENIED))
System Exception 1035 : アクセスが拒否されました。 (Exception from HRESULT: 0x80070005 (E_ACCESSDENIED))
System Exception 1035 : アクセスが拒否されました。 (Exception from HRESULT: 0x80070005 (E_ACCESSDENIED))
System Exception 1035 : アクセスが拒否されました。 (Exception from HRESULT: 0x80070005 (E_ACCESSDENIED))
System Exception 1035 : アクセスが拒否されました。 (Exception from HRESULT: 0x80070005 (E_ACCESSDENIED))
System Exception 1035 : アクセスが拒否されました。 (Exception from HRESULT: 0x80070005 (E_ACCESSDENIED))
System Exception 1035 : アクセスが拒否されました。 (Exception from HRESULT: 0x80070005 (E_ACCESSDENIED))
System Exception 1035 : アクセスが拒否されました。 (Exception from HRESULT: 0x80070005 (E_ACCESSDENIED))
System Exception 1035 : アクセスが拒否されました。 (Exception from HRESULT: 0x80070005 (E_ACCESSDENIED))
System Exception 1035 : アクセスが拒否されました。 (Exception from HRESULT: 0x80070005 (E_ACCESSDENIED))
System Exception 1035 : アクセスが拒否されました。 (Exception from HRESULT: 0x80070005 (E_ACCESSDENIED))
System Exception 1035 : アクセスが拒否されました。 (Exception from HRESULT: 0x80070005 (E_ACCESSDENIED))
System Exception 1035 : アクセスが拒否されました。 (Exception from HRESULT: 0x80070005 (E_ACCESSDENIED))
System Exception 1035 : アクセスが拒否されました。 (Exception from HRESULT: 0x80070005 (E_ACCESSDENIED))
System Exception 1035 : アクセスが拒否されました。 (Exception from HRESULT: 0x80070005 (E_ACCESSDENIED))
System Exception 1035 : アクセスが拒否されました。 (Exception from HRESULT: 0x80070005 (E_ACCESSDENIED))
System Exception 1035 : アクセスが拒否されました。 (Exception from HRESULT: 0x80070005 (E_ACCESSDENIED))

iTunes Versin : 12.1.1.4
OS Versin : 6.1.7601.65536
UAC Enabled : True
App Versin : 2.2.0.8