System Exception 1035 : エラー HRESULT E_FAIL が COM コンポーネントの呼び出しから返されました。
System Exception 1035 : エラー HRESULT E_FAIL が COM コンポーネントの呼び出しから返されました。
System Exception 1035 : エラー HRESULT E_FAIL が COM コンポーネントの呼び出しから返されました。
System Exception 1035 : エラー HRESULT E_FAIL が COM コンポーネントの呼び出しから返されました。
System Exception 1035 : エラー HRESULT E_FAIL が COM コンポーネントの呼び出しから返されました。
System Exception 1035 : エラー HRESULT E_FAIL が COM コンポーネントの呼び出しから返されました。
System Exception 1035 : エラー HRESULT E_FAIL が COM コンポーネントの呼び出しから返されました。
System Exception 1035 : エラー HRESULT E_FAIL が COM コンポーネントの呼び出しから返されました。
System Exception 1035 : エラー HRESULT E_FAIL が COM コンポーネントの呼び出しから返されました。
System Exception 1035 : エラー HRESULT E_FAIL が COM コンポーネントの呼び出しから返されました。
System Exception 1035 : エラー HRESULT E_FAIL が COM コンポーネントの呼び出しから返されました。
System Exception 1035 : エラー HRESULT E_FAIL が COM コンポーネントの呼び出しから返されました。
System Exception 1035 : エラー HRESULT E_FAIL が COM コンポーネントの呼び出しから返されました。
System Exception 1035 : エラー HRESULT E_FAIL が COM コンポーネントの呼び出しから返されました。
System Exception 1035 : エラー HRESULT E_FAIL が COM コンポーネントの呼び出しから返されました。
System Exception 1035 : エラー HRESULT E_FAIL が COM コンポーネントの呼び出しから返されました。
System Exception 1035 : エラー HRESULT E_FAIL が COM コンポーネントの呼び出しから返されました。
System Exception 1035 : エラー HRESULT E_FAIL が COM コンポーネントの呼び出しから返されました。
System Exception 1035 : エラー HRESULT E_FAIL が COM コンポーネントの呼び出しから返されました。
System Exception 1035 : エラー HRESULT E_FAIL が COM コンポーネントの呼び出しから返されました。
System Exception 1035 : エラー HRESULT E_FAIL が COM コンポーネントの呼び出しから返されました。
System Exception 1035 : エラー HRESULT E_FAIL が COM コンポーネントの呼び出しから返されました。
System Exception 1035 : エラー HRESULT E_FAIL が COM コンポーネントの呼び出しから返されました。
System Exception 1035 : エラー HRESULT E_FAIL が COM コンポーネントの呼び出しから返されました。
System Exception 1035 : エラー HRESULT E_FAIL が COM コンポーネントの呼び出しから返されました。
System Exception 1035 : エラー HRESULT E_FAIL が COM コンポーネントの呼び出しから返されました。
System Exception 1035 : エラー HRESULT E_FAIL が COM コンポーネントの呼び出しから返されました。
System Exception 1035 : エラー HRESULT E_FAIL が COM コンポーネントの呼び出しから返されました。
System Exception 1035 : エラー HRESULT E_FAIL が COM コンポーネントの呼び出しから返されました。
System Exception 1035 : エラー HRESULT E_FAIL が COM コンポーネントの呼び出しから返されました。
System Exception 1035 : エラー HRESULT E_FAIL が COM コンポーネントの呼び出しから返されました。
System Exception 1035 : エラー HRESULT E_FAIL が COM コンポーネントの呼び出しから返されました。
System Exception 1035 : エラー HRESULT E_FAIL が COM コンポーネントの呼び出しから返されました。
System Exception 1035 : エラー HRESULT E_FAIL が COM コンポーネントの呼び出しから返されました。
System Exception 1035 : エラー HRESULT E_FAIL が COM コンポーネントの呼び出しから返されました。
System Exception 1035 : エラー HRESULT E_FAIL が COM コンポーネントの呼び出しから返されました。
System Exception 1035 : エラー HRESULT E_FAIL が COM コンポーネントの呼び出しから返されました。
System Exception 1035 : エラー HRESULT E_FAIL が COM コンポーネントの呼び出しから返されました。
System Exception 1035 : エラー HRESULT E_FAIL が COM コンポーネントの呼び出しから返されました。
System Exception 1035 : エラー HRESULT E_FAIL が COM コンポーネントの呼び出しから返されました。
System Exception 1035 : エラー HRESULT E_FAIL が COM コンポーネントの呼び出しから返されました。
System Exception 1035 : エラー HRESULT E_FAIL が COM コンポーネントの呼び出しから返されました。
System Exception 1035 : エラー HRESULT E_FAIL が COM コンポーネントの呼び出しから返されました。
System Exception 1035 : エラー HRESULT E_FAIL が COM コンポーネントの呼び出しから返されました。
System Exception 1035 : エラー HRESULT E_FAIL が COM コンポーネントの呼び出しから返されました。
System Exception 1035 : エラー HRESULT E_FAIL が COM コンポーネントの呼び出しから返されました。
System Exception 1035 : エラー HRESULT E_FAIL が COM コンポーネントの呼び出しから返されました。
System Exception 1035 : エラー HRESULT E_FAIL が COM コンポーネントの呼び出しから返されました。
System Exception 1035 : エラー HRESULT E_FAIL が COM コンポーネントの呼び出しから返されました。
System Exception 1035 : エラー HRESULT E_FAIL が COM コンポーネントの呼び出しから返されました。
System Exception 1035 : エラー HRESULT E_FAIL が COM コンポーネントの呼び出しから返されました。
System Exception 1035 : エラー HRESULT E_FAIL が COM コンポーネントの呼び出しから返されました。
System Exception 1035 : エラー HRESULT E_FAIL が COM コンポーネントの呼び出しから返されました。
System Exception 1035 : エラー HRESULT E_FAIL が COM コンポーネントの呼び出しから返されました。
System Exception 1035 : エラー HRESULT E_FAIL が COM コンポーネントの呼び出しから返されました。
System Exception 1035 : エラー HRESULT E_FAIL が COM コンポーネントの呼び出しから返されました。
System Exception 1035 : エラー HRESULT E_FAIL が COM コンポーネントの呼び出しから返されました。
System Exception 1035 : エラー HRESULT E_FAIL が COM コンポーネントの呼び出しから返されました。
System Exception 1035 : エラー HRESULT E_FAIL が COM コンポーネントの呼び出しから返されました。
System Exception 1035 : エラー HRESULT E_FAIL が COM コンポーネントの呼び出しから返されました。
System Exception 1035 : エラー HRESULT E_FAIL が COM コンポーネントの呼び出しから返されました。
System Exception 1035 : エラー HRESULT E_FAIL が COM コンポーネントの呼び出しから返されました。
System Exception 1035 : エラー HRESULT E_FAIL が COM コンポーネントの呼び出しから返されました。
System Exception 1035 : エラー HRESULT E_FAIL が COM コンポーネントの呼び出しから返されました。
System Exception 1035 : エラー HRESULT E_FAIL が COM コンポーネントの呼び出しから返されました。
System Exception 1035 : エラー HRESULT E_FAIL が COM コンポーネントの呼び出しから返されました。
System Exception 1035 : エラー HRESULT E_FAIL が COM コンポーネントの呼び出しから返されました。
System Exception 1035 : エラー HRESULT E_FAIL が COM コンポーネントの呼び出しから返されました。
System Exception 1035 : エラー HRESULT E_FAIL が COM コンポーネントの呼び出しから返されました。
System Exception 1035 : エラー HRESULT E_FAIL が COM コンポーネントの呼び出しから返されました。
System Exception 1035 : エラー HRESULT E_FAIL が COM コンポーネントの呼び出しから返されました。
System Exception 1035 : エラー HRESULT E_FAIL が COM コンポーネントの呼び出しから返されました。
System Exception 1035 : エラー HRESULT E_FAIL が COM コンポーネントの呼び出しから返されました。
System Exception 1035 : エラー HRESULT E_FAIL が COM コンポーネントの呼び出しから返されました。
System Exception 1035 : エラー HRESULT E_FAIL が COM コンポーネントの呼び出しから返されました。
System Exception 1035 : エラー HRESULT E_FAIL が COM コンポーネントの呼び出しから返されました。
System Exception 1035 : エラー HRESULT E_FAIL が COM コンポーネントの呼び出しから返されました。
System Exception 1035 : エラー HRESULT E_FAIL が COM コンポーネントの呼び出しから返されました。
System Exception 1035 : エラー HRESULT E_FAIL が COM コンポーネントの呼び出しから返されました。
System Exception 1035 : エラー HRESULT E_FAIL が COM コンポーネントの呼び出しから返されました。
System Exception 1035 : エラー HRESULT E_FAIL が COM コンポーネントの呼び出しから返されました。
System Exception 1035 : エラー HRESULT E_FAIL が COM コンポーネントの呼び出しから返されました。
System Exception 1035 : エラー HRESULT E_FAIL が COM コンポーネントの呼び出しから返されました。
System Exception 1035 : エラー HRESULT E_FAIL が COM コンポーネントの呼び出しから返されました。
System Exception 1035 : エラー HRESULT E_FAIL が COM コンポーネントの呼び出しから返されました。
System Exception 1035 : エラー HRESULT E_FAIL が COM コンポーネントの呼び出しから返されました。
System Exception 1035 : エラー HRESULT E_FAIL が COM コンポーネントの呼び出しから返されました。
System Exception 1035 : エラー HRESULT E_FAIL が COM コンポーネントの呼び出しから返されました。
System Exception 1035 : エラー HRESULT E_FAIL が COM コンポーネントの呼び出しから返されました。
System Exception 1035 : エラー HRESULT E_FAIL が COM コンポーネントの呼び出しから返されました。
System Exception 1035 : エラー HRESULT E_FAIL が COM コンポーネントの呼び出しから返されました。
System Exception 1035 : エラー HRESULT E_FAIL が COM コンポーネントの呼び出しから返されました。
System Exception 1035 : エラー HRESULT E_FAIL が COM コンポーネントの呼び出しから返されました。
System Exception 1035 : エラー HRESULT E_FAIL が COM コンポーネントの呼び出しから返されました。
System Exception 1035 : エラー HRESULT E_FAIL が COM コンポーネントの呼び出しから返されました。
System Exception 1035 : エラー HRESULT E_FAIL が COM コンポーネントの呼び出しから返されました。
System Exception 1035 : エラー HRESULT E_FAIL が COM コンポーネントの呼び出しから返されました。
System Exception 1035 : エラー HRESULT E_FAIL が COM コンポーネントの呼び出しから返されました。
System Exception 1035 : エラー HRESULT E_FAIL が COM コンポーネントの呼び出しから返されました。
System Exception 1035 : エラー HRESULT E_FAIL が COM コンポーネントの呼び出しから返されました。
System Exception 1035 : エラー HRESULT E_FAIL が COM コンポーネントの呼び出しから返されました。
System Exception 1035 : エラー HRESULT E_FAIL が COM コンポーネントの呼び出しから返されました。
System Exception 1035 : エラー HRESULT E_FAIL が COM コンポーネントの呼び出しから返されました。
System Exception 1035 : エラー HRESULT E_FAIL が COM コンポーネントの呼び出しから返されました。
System Exception 1035 : エラー HRESULT E_FAIL が COM コンポーネントの呼び出しから返されました。
System Exception 1035 : エラー HRESULT E_FAIL が COM コンポーネントの呼び出しから返されました。
System Exception 1035 : エラー HRESULT E_FAIL が COM コンポーネントの呼び出しから返されました。
System Exception 1035 : エラー HRESULT E_FAIL が COM コンポーネントの呼び出しから返されました。
System Exception 1035 : エラー HRESULT E_FAIL が COM コンポーネントの呼び出しから返されました。
System Exception 1035 : エラー HRESULT E_FAIL が COM コンポーネントの呼び出しから返されました。
System Exception 1035 : エラー HRESULT E_FAIL が COM コンポーネントの呼び出しから返されました。
System Exception 1035 : エラー HRESULT E_FAIL が COM コンポーネントの呼び出しから返されました。
System Exception 1035 : エラー HRESULT E_FAIL が COM コンポーネントの呼び出しから返されました。
System Exception 1035 : エラー HRESULT E_FAIL が COM コンポーネントの呼び出しから返されました。
System Exception 1035 : エラー HRESULT E_FAIL が COM コンポーネントの呼び出しから返されました。
System Exception 1035 : エラー HRESULT E_FAIL が COM コンポーネントの呼び出しから返されました。
System Exception 1035 : エラー HRESULT E_FAIL が COM コンポーネントの呼び出しから返されました。
System Exception 1035 : エラー HRESULT E_FAIL が COM コンポーネントの呼び出しから返されました。
System Exception 1035 : エラー HRESULT E_FAIL が COM コンポーネントの呼び出しから返されました。
System Exception 1035 : エラー HRESULT E_FAIL が COM コンポーネントの呼び出しから返されました。
System Exception 1035 : エラー HRESULT E_FAIL が COM コンポーネントの呼び出しから返されました。
System Exception 1035 : エラー HRESULT E_FAIL が COM コンポーネントの呼び出しから返されました。
System Exception 1035 : エラー HRESULT E_FAIL が COM コンポーネントの呼び出しから返されました。
System Exception 1035 : エラー HRESULT E_FAIL が COM コンポーネントの呼び出しから返されました。
System Exception 1035 : エラー HRESULT E_FAIL が COM コンポーネントの呼び出しから返されました。
System Exception 1035 : エラー HRESULT E_FAIL が COM コンポーネントの呼び出しから返されました。
System Exception 1035 : エラー HRESULT E_FAIL が COM コンポーネントの呼び出しから返されました。
System Exception 1035 : エラー HRESULT E_FAIL が COM コンポーネントの呼び出しから返されました。
System Exception 1035 : エラー HRESULT E_FAIL が COM コンポーネントの呼び出しから返されました。
System Exception 1035 : エラー HRESULT E_FAIL が COM コンポーネントの呼び出しから返されました。
System Exception 1035 : エラー HRESULT E_FAIL が COM コンポーネントの呼び出しから返されました。
System Exception 1035 : エラー HRESULT E_FAIL が COM コンポーネントの呼び出しから返されました。
System Exception 1035 : エラー HRESULT E_FAIL が COM コンポーネントの呼び出しから返されました。
System Exception 1035 : エラー HRESULT E_FAIL が COM コンポーネントの呼び出しから返されました。
System Exception 1035 : エラー HRESULT E_FAIL が COM コンポーネントの呼び出しから返されました。
System Exception 1035 : エラー HRESULT E_FAIL が COM コンポーネントの呼び出しから返されました。
System Exception 1035 : エラー HRESULT E_FAIL が COM コンポーネントの呼び出しから返されました。
System Exception 1035 : エラー HRESULT E_FAIL が COM コンポーネントの呼び出しから返されました。
System Exception 1035 : エラー HRESULT E_FAIL が COM コンポーネントの呼び出しから返されました。
System Exception 1035 : エラー HRESULT E_FAIL が COM コンポーネントの呼び出しから返されました。
System Exception 1035 : エラー HRESULT E_FAIL が COM コンポーネントの呼び出しから返されました。
System Exception 1035 : エラー HRESULT E_FAIL が COM コンポーネントの呼び出しから返されました。
System Exception 1035 : エラー HRESULT E_FAIL が COM コンポーネントの呼び出しから返されました。
System Exception 1035 : エラー HRESULT E_FAIL が COM コンポーネントの呼び出しから返されました。
System Exception 1035 : エラー HRESULT E_FAIL が COM コンポーネントの呼び出しから返されました。
System Exception 1035 : エラー HRESULT E_FAIL が COM コンポーネントの呼び出しから返されました。
System Exception 1035 : エラー HRESULT E_FAIL が COM コンポーネントの呼び出しから返されました。
System Exception 1035 : エラー HRESULT E_FAIL が COM コンポーネントの呼び出しから返されました。
System Exception 1035 : エラー HRESULT E_FAIL が COM コンポーネントの呼び出しから返されました。
System Exception 1035 : エラー HRESULT E_FAIL が COM コンポーネントの呼び出しから返されました。
System Exception 1035 : エラー HRESULT E_FAIL が COM コンポーネントの呼び出しから返されました。
System Exception 1035 : エラー HRESULT E_FAIL が COM コンポーネントの呼び出しから返されました。
System Exception 1035 : エラー HRESULT E_FAIL が COM コンポーネントの呼び出しから返されました。
System Exception 1035 : エラー HRESULT E_FAIL が COM コンポーネントの呼び出しから返されました。
System Exception 1035 : エラー HRESULT E_FAIL が COM コンポーネントの呼び出しから返されました。
System Exception 1035 : エラー HRESULT E_FAIL が COM コンポーネントの呼び出しから返されました。
System Exception 1035 : エラー HRESULT E_FAIL が COM コンポーネントの呼び出しから返されました。
System Exception 1035 : エラー HRESULT E_FAIL が COM コンポーネントの呼び出しから返されました。
System Exception 1035 : エラー HRESULT E_FAIL が COM コンポーネントの呼び出しから返されました。
System Exception 1035 : エラー HRESULT E_FAIL が COM コンポーネントの呼び出しから返されました。
System Exception 1035 : エラー HRESULT E_FAIL が COM コンポーネントの呼び出しから返されました。
System Exception 1035 : エラー HRESULT E_FAIL が COM コンポーネントの呼び出しから返されました。
System Exception 1035 : エラー HRESULT E_FAIL が COM コンポーネントの呼び出しから返されました。
System Exception 1035 : エラー HRESULT E_FAIL が COM コンポーネントの呼び出しから返されました。
System Exception 1035 : エラー HRESULT E_FAIL が COM コンポーネントの呼び出しから返されました。
System Exception 1035 : エラー HRESULT E_FAIL が COM コンポーネントの呼び出しから返されました。
System Exception 1035 : エラー HRESULT E_FAIL が COM コンポーネントの呼び出しから返されました。
System Exception 1035 : エラー HRESULT E_FAIL が COM コンポーネントの呼び出しから返されました。
System Exception 1035 : エラー HRESULT E_FAIL が COM コンポーネントの呼び出しから返されました。
System Exception 1035 : エラー HRESULT E_FAIL が COM コンポーネントの呼び出しから返されました。
System Exception 1035 : エラー HRESULT E_FAIL が COM コンポーネントの呼び出しから返されました。
System Exception 1035 : エラー HRESULT E_FAIL が COM コンポーネントの呼び出しから返されました。
System Exception 1035 : エラー HRESULT E_FAIL が COM コンポーネントの呼び出しから返されました。
System Exception 1035 : エラー HRESULT E_FAIL が COM コンポーネントの呼び出しから返されました。
System Exception 1035 : エラー HRESULT E_FAIL が COM コンポーネントの呼び出しから返されました。
System Exception 1035 : エラー HRESULT E_FAIL が COM コンポーネントの呼び出しから返されました。
System Exception 1035 : エラー HRESULT E_FAIL が COM コンポーネントの呼び出しから返されました。
System Exception 1035 : エラー HRESULT E_FAIL が COM コンポーネントの呼び出しから返されました。
System Exception 1035 : エラー HRESULT E_FAIL が COM コンポーネントの呼び出しから返されました。
System Exception 1035 : エラー HRESULT E_FAIL が COM コンポーネントの呼び出しから返されました。
System Exception 1035 : エラー HRESULT E_FAIL が COM コンポーネントの呼び出しから返されました。
System Exception 1035 : エラー HRESULT E_FAIL が COM コンポーネントの呼び出しから返されました。
System Exception 1035 : エラー HRESULT E_FAIL が COM コンポーネントの呼び出しから返されました。
System Exception 1035 : エラー HRESULT E_FAIL が COM コンポーネントの呼び出しから返されました。
System Exception 1035 : エラー HRESULT E_FAIL が COM コンポーネントの呼び出しから返されました。
System Exception 1035 : エラー HRESULT E_FAIL が COM コンポーネントの呼び出しから返されました。
System Exception 1035 : エラー HRESULT E_FAIL が COM コンポーネントの呼び出しから返されました。
System Exception 1035 : エラー HRESULT E_FAIL が COM コンポーネントの呼び出しから返されました。
System Exception 1035 : エラー HRESULT E_FAIL が COM コンポーネントの呼び出しから返されました。
System Exception 1035 : エラー HRESULT E_FAIL が COM コンポーネントの呼び出しから返されました。
System Exception 1035 : エラー HRESULT E_FAIL が COM コンポーネントの呼び出しから返されました。
System Exception 1035 : エラー HRESULT E_FAIL が COM コンポーネントの呼び出しから返されました。
System Exception 1035 : エラー HRESULT E_FAIL が COM コンポーネントの呼び出しから返されました。
System Exception 1035 : エラー HRESULT E_FAIL が COM コンポーネントの呼び出しから返されました。
System Exception 1035 : エラー HRESULT E_FAIL が COM コンポーネントの呼び出しから返されました。
System Exception 1035 : エラー HRESULT E_FAIL が COM コンポーネントの呼び出しから返されました。
System Exception 1035 : エラー HRESULT E_FAIL が COM コンポーネントの呼び出しから返されました。
System Exception 1035 : エラー HRESULT E_FAIL が COM コンポーネントの呼び出しから返されました。
System Exception 1035 : エラー HRESULT E_FAIL が COM コンポーネントの呼び出しから返されました。
System Exception 1035 : エラー HRESULT E_FAIL が COM コンポーネントの呼び出しから返されました。
System Exception 1035 : エラー HRESULT E_FAIL が COM コンポーネントの呼び出しから返されました。
System Exception 1035 : エラー HRESULT E_FAIL が COM コンポーネントの呼び出しから返されました。
System Exception 1035 : エラー HRESULT E_FAIL が COM コンポーネントの呼び出しから返されました。
System Exception 1035 : エラー HRESULT E_FAIL が COM コンポーネントの呼び出しから返されました。
System Exception 1035 : エラー HRESULT E_FAIL が COM コンポーネントの呼び出しから返されました。
System Exception 1035 : エラー HRESULT E_FAIL が COM コンポーネントの呼び出しから返されました。
System Exception 1035 : エラー HRESULT E_FAIL が COM コンポーネントの呼び出しから返されました。
System Exception 1035 : エラー HRESULT E_FAIL が COM コンポーネントの呼び出しから返されました。
System Exception 1035 : エラー HRESULT E_FAIL が COM コンポーネントの呼び出しから返されました。
System Exception 1035 : エラー HRESULT E_FAIL が COM コンポーネントの呼び出しから返されました。
System Exception 1035 : エラー HRESULT E_FAIL が COM コンポーネントの呼び出しから返されました。
System Exception 1035 : エラー HRESULT E_FAIL が COM コンポーネントの呼び出しから返されました。
System Exception 1035 : エラー HRESULT E_FAIL が COM コンポーネントの呼び出しから返されました。
System Exception 1035 : エラー HRESULT E_FAIL が COM コンポーネントの呼び出しから返されました。
System Exception 1035 : エラー HRESULT E_FAIL が COM コンポーネントの呼び出しから返されました。
System Exception 1035 : エラー HRESULT E_FAIL が COM コンポーネントの呼び出しから返されました。
System Exception 1035 : エラー HRESULT E_FAIL が COM コンポーネントの呼び出しから返されました。
System Exception 1035 : エラー HRESULT E_FAIL が COM コンポーネントの呼び出しから返されました。
System Exception 1035 : エラー HRESULT E_FAIL が COM コンポーネントの呼び出しから返されました。
System Exception 1035 : エラー HRESULT E_FAIL が COM コンポーネントの呼び出しから返されました。
System Exception 1035 : エラー HRESULT E_FAIL が COM コンポーネントの呼び出しから返されました。
System Exception 1035 : エラー HRESULT E_FAIL が COM コンポーネントの呼び出しから返されました。
System Exception 1035 : エラー HRESULT E_FAIL が COM コンポーネントの呼び出しから返されました。
System Exception 1035 : エラー HRESULT E_FAIL が COM コンポーネントの呼び出しから返されました。
System Exception 1035 : エラー HRESULT E_FAIL が COM コンポーネントの呼び出しから返されました。
System Exception 1035 : エラー HRESULT E_FAIL が COM コンポーネントの呼び出しから返されました。
System Exception 1035 : エラー HRESULT E_FAIL が COM コンポーネントの呼び出しから返されました。
System Exception 1035 : エラー HRESULT E_FAIL が COM コンポーネントの呼び出しから返されました。
System Exception 1035 : エラー HRESULT E_FAIL が COM コンポーネントの呼び出しから返されました。
System Exception 1035 : エラー HRESULT E_FAIL が COM コンポーネントの呼び出しから返されました。
System Exception 1035 : エラー HRESULT E_FAIL が COM コンポーネントの呼び出しから返されました。
System Exception 1035 : エラー HRESULT E_FAIL が COM コンポーネントの呼び出しから返されました。
System Exception 1035 : エラー HRESULT E_FAIL が COM コンポーネントの呼び出しから返されました。
System Exception 1035 : エラー HRESULT E_FAIL が COM コンポーネントの呼び出しから返されました。
System Exception 1035 : エラー HRESULT E_FAIL が COM コンポーネントの呼び出しから返されました。
System Exception 1035 : エラー HRESULT E_FAIL が COM コンポーネントの呼び出しから返されました。
System Exception 1035 : エラー HRESULT E_FAIL が COM コンポーネントの呼び出しから返されました。
System Exception 1035 : エラー HRESULT E_FAIL が COM コンポーネントの呼び出しから返されました。
System Exception 1035 : エラー HRESULT E_FAIL が COM コンポーネントの呼び出しから返されました。
System Exception 1035 : エラー HRESULT E_FAIL が COM コンポーネントの呼び出しから返されました。
System Exception 1035 : エラー HRESULT E_FAIL が COM コンポーネントの呼び出しから返されました。
System Exception 1035 : エラー HRESULT E_FAIL が COM コンポーネントの呼び出しから返されました。
System Exception 1035 : エラー HRESULT E_FAIL が COM コンポーネントの呼び出しから返されました。
System Exception 1035 : エラー HRESULT E_FAIL が COM コンポーネントの呼び出しから返されました。
System Exception 1035 : エラー HRESULT E_FAIL が COM コンポーネントの呼び出しから返されました。
System Exception 1035 : エラー HRESULT E_FAIL が COM コンポーネントの呼び出しから返されました。
System Exception 1035 : エラー HRESULT E_FAIL が COM コンポーネントの呼び出しから返されました。
System Exception 1035 : エラー HRESULT E_FAIL が COM コンポーネントの呼び出しから返されました。
System Exception 1035 : エラー HRESULT E_FAIL が COM コンポーネントの呼び出しから返されました。
System Exception 1035 : エラー HRESULT E_FAIL が COM コンポーネントの呼び出しから返されました。
System Exception 1035 : エラー HRESULT E_FAIL が COM コンポーネントの呼び出しから返されました。
System Exception 1035 : エラー HRESULT E_FAIL が COM コンポーネントの呼び出しから返されました。
System Exception 1035 : エラー HRESULT E_FAIL が COM コンポーネントの呼び出しから返されました。
System Exception 1035 : エラー HRESULT E_FAIL が COM コンポーネントの呼び出しから返されました。
System Exception 1035 : エラー HRESULT E_FAIL が COM コンポーネントの呼び出しから返されました。
System Exception 1035 : エラー HRESULT E_FAIL が COM コンポーネントの呼び出しから返されました。
System Exception 1152 : メモリが不足しています。

iTunes Versin : 12.1.1.4
OS Versin : 6.1.7601.65536
UAC Enabled : False
App Versin : 2.2.0.9