System Exception 1035 : エラー HRESULT E_FAIL が COM コンポーネントの呼び出しから返されました。
System Exception 1035 : エラー HRESULT E_FAIL が COM コンポーネントの呼び出しから返されました。
System Exception 1035 : エラー HRESULT E_FAIL が COM コンポーネントの呼び出しから返されました。
System Exception 1035 : エラー HRESULT E_FAIL が COM コンポーネントの呼び出しから返されました。
System Exception 1035 : エラー HRESULT E_FAIL が COM コンポーネントの呼び出しから返されました。
System Exception 1035 : エラー HRESULT E_FAIL が COM コンポーネントの呼び出しから返されました。
System Exception 1035 : エラー HRESULT E_FAIL が COM コンポーネントの呼び出しから返されました。
System Exception 1035 : エラー HRESULT E_FAIL が COM コンポーネントの呼び出しから返されました。
System Exception 1035 : エラー HRESULT E_FAIL が COM コンポーネントの呼び出しから返されました。
System Exception 1035 : エラー HRESULT E_FAIL が COM コンポーネントの呼び出しから返されました。
System Exception 1035 : エラー HRESULT E_FAIL が COM コンポーネントの呼び出しから返されました。
System Exception 1035 : エラー HRESULT E_FAIL が COM コンポーネントの呼び出しから返されました。
System Exception 1035 : エラー HRESULT E_FAIL が COM コンポーネントの呼び出しから返されました。
System Exception 1035 : エラー HRESULT E_FAIL が COM コンポーネントの呼び出しから返されました。
System Exception 1035 : エラー HRESULT E_FAIL が COM コンポーネントの呼び出しから返されました。
System Exception 1035 : エラー HRESULT E_FAIL が COM コンポーネントの呼び出しから返されました。
System Exception 1035 : エラー HRESULT E_FAIL が COM コンポーネントの呼び出しから返されました。
System Exception 1035 : エラー HRESULT E_FAIL が COM コンポーネントの呼び出しから返されました。
System Exception 1035 : エラー HRESULT E_FAIL が COM コンポーネントの呼び出しから返されました。
System Exception 1035 : エラー HRESULT E_FAIL が COM コンポーネントの呼び出しから返されました。
System Exception 1035 : エラー HRESULT E_FAIL が COM コンポーネントの呼び出しから返されました。
System Exception 1035 : エラー HRESULT E_FAIL が COM コンポーネントの呼び出しから返されました。
System Exception 1035 : エラー HRESULT E_FAIL が COM コンポーネントの呼び出しから返されました。
System Exception 1035 : エラー HRESULT E_FAIL が COM コンポーネントの呼び出しから返されました。
System Exception 1035 : エラー HRESULT E_FAIL が COM コンポーネントの呼び出しから返されました。
System Exception 1035 : エラー HRESULT E_FAIL が COM コンポーネントの呼び出しから返されました。

iTunes Versin : 12.0.1.26
OS Versin : 6.2.9200.0
UAC Enabled : True
App Versin : 2.2.0.8