System Exception 1040 : オブジェクト参照がオブジェクト インスタンスに設定されていません。
System Exception 1040 : GDI+ で汎用エラーが発生しました。
System Exception 1040 : アクセスが拒否されました。 (HRESULT からの例外:0x80070005 (E_ACCESSDENIED))
System Exception 1040 : アクセスが拒否されました。 (HRESULT からの例外:0x80070005 (E_ACCESSDENIED))
System Exception 1040 : アクセスが拒否されました。 (HRESULT からの例外:0x80070005 (E_ACCESSDENIED))
System Exception 1040 : アクセスが拒否されました。 (HRESULT からの例外:0x80070005 (E_ACCESSDENIED))
System Exception 1040 : アクセスが拒否されました。 (HRESULT からの例外:0x80070005 (E_ACCESSDENIED))
System Exception 1040 : アクセスが拒否されました。 (HRESULT からの例外:0x80070005 (E_ACCESSDENIED))
System Exception 1040 : アクセスが拒否されました。 (HRESULT からの例外:0x80070005 (E_ACCESSDENIED))
System Exception 1040 : アクセスが拒否されました。 (HRESULT からの例外:0x80070005 (E_ACCESSDENIED))
System Exception 1040 : アクセスが拒否されました。 (HRESULT からの例外:0x80070005 (E_ACCESSDENIED))
System Exception 1040 : アクセスが拒否されました。 (HRESULT からの例外:0x80070005 (E_ACCESSDENIED))
System Exception 1040 : アクセスが拒否されました。 (HRESULT からの例外:0x80070005 (E_ACCESSDENIED))
System Exception 1040 : アクセスが拒否されました。 (HRESULT からの例外:0x80070005 (E_ACCESSDENIED))
System Exception 1040 : アクセスが拒否されました。 (HRESULT からの例外:0x80070005 (E_ACCESSDENIED))
System Exception 1040 : アクセスが拒否されました。 (HRESULT からの例外:0x80070005 (E_ACCESSDENIED))
System Exception 1040 : アクセスが拒否されました。 (HRESULT からの例外:0x80070005 (E_ACCESSDENIED))
System Exception 1040 : GDI+ で汎用エラーが発生しました。
System Exception 1040 : アクセスが拒否されました。 (HRESULT からの例外:0x80070005 (E_ACCESSDENIED))
System Exception 1040 : アクセスが拒否されました。 (HRESULT からの例外:0x80070005 (E_ACCESSDENIED))
System Exception 1040 : アクセスが拒否されました。 (HRESULT からの例外:0x80070005 (E_ACCESSDENIED))
System Exception 1040 : アクセスが拒否されました。 (HRESULT からの例外:0x80070005 (E_ACCESSDENIED))
System Exception 1040 : アクセスが拒否されました。 (HRESULT からの例外:0x80070005 (E_ACCESSDENIED))
System Exception 1040 : アクセスが拒否されました。 (HRESULT からの例外:0x80070005 (E_ACCESSDENIED))
System Exception 1040 : アクセスが拒否されました。 (HRESULT からの例外:0x80070005 (E_ACCESSDENIED))
System Exception 1040 : アクセスが拒否されました。 (HRESULT からの例外:0x80070005 (E_ACCESSDENIED))
System Exception 1040 : アクセスが拒否されました。 (HRESULT からの例外:0x80070005 (E_ACCESSDENIED))
System Exception 1040 : アクセスが拒否されました。 (HRESULT からの例外:0x80070005 (E_ACCESSDENIED))
System Exception 1040 : アクセスが拒否されました。 (HRESULT からの例外:0x80070005 (E_ACCESSDENIED))
System Exception 1040 : アクセスが拒否されました。 (HRESULT からの例外:0x80070005 (E_ACCESSDENIED))
System Exception 1040 : アクセスが拒否されました。 (HRESULT からの例外:0x80070005 (E_ACCESSDENIED))
System Exception 1040 : アクセスが拒否されました。 (HRESULT からの例外:0x80070005 (E_ACCESSDENIED))
System Exception 1040 : アクセスが拒否されました。 (HRESULT からの例外:0x80070005 (E_ACCESSDENIED))
System Exception 1040 : アクセスが拒否されました。 (HRESULT からの例外:0x80070005 (E_ACCESSDENIED))
System Exception 1040 : アクセスが拒否されました。 (HRESULT からの例外:0x80070005 (E_ACCESSDENIED))
System Exception 1040 : アクセスが拒否されました。 (HRESULT からの例外:0x80070005 (E_ACCESSDENIED))
System Exception 1040 : アクセスが拒否されました。 (HRESULT からの例外:0x80070005 (E_ACCESSDENIED))
System Exception 1040 : アクセスが拒否されました。 (HRESULT からの例外:0x80070005 (E_ACCESSDENIED))
System Exception 1040 : アクセスが拒否されました。 (HRESULT からの例外:0x80070005 (E_ACCESSDENIED))
System Exception 1040 : オブジェクト参照がオブジェクト インスタンスに設定されていません。
System Exception 1040 : オブジェクト参照がオブジェクト インスタンスに設定されていません。
System Exception 1040 : オブジェクト参照がオブジェクト インスタンスに設定されていません。
System Exception 1040 : オブジェクト参照がオブジェクト インスタンスに設定されていません。
System Exception 1040 : 使用されたパラメーターが有効ではありません。
System Exception 1040 : アクセスが拒否されました。 (HRESULT からの例外:0x80070005 (E_ACCESSDENIED))
System Exception 1040 : アクセスが拒否されました。 (HRESULT からの例外:0x80070005 (E_ACCESSDENIED))
System Exception 1040 : アクセスが拒否されました。 (HRESULT からの例外:0x80070005 (E_ACCESSDENIED))
System Exception 1040 : アクセスが拒否されました。 (HRESULT からの例外:0x80070005 (E_ACCESSDENIED))
System Exception 1040 : アクセスが拒否されました。 (HRESULT からの例外:0x80070005 (E_ACCESSDENIED))
System Exception 1040 : アクセスが拒否されました。 (HRESULT からの例外:0x80070005 (E_ACCESSDENIED))
System Exception 1040 : アクセスが拒否されました。 (HRESULT からの例外:0x80070005 (E_ACCESSDENIED))
System Exception 1040 : アクセスが拒否されました。 (HRESULT からの例外:0x80070005 (E_ACCESSDENIED))
System Exception 1040 : 使用されたパラメーターが有効ではありません。
System Exception 1040 : アクセスが拒否されました。 (HRESULT からの例外:0x80070005 (E_ACCESSDENIED))
System Exception 1040 : アクセスが拒否されました。 (HRESULT からの例外:0x80070005 (E_ACCESSDENIED))
System Exception 1040 : アクセスが拒否されました。 (HRESULT からの例外:0x80070005 (E_ACCESSDENIED))
System Exception 1040 : アクセスが拒否されました。 (HRESULT からの例外:0x80070005 (E_ACCESSDENIED))
System Exception 1040 : アクセスが拒否されました。 (HRESULT からの例外:0x80070005 (E_ACCESSDENIED))
System Exception 1040 : アクセスが拒否されました。 (HRESULT からの例外:0x80070005 (E_ACCESSDENIED))
System Exception 1040 : アクセスが拒否されました。 (HRESULT からの例外:0x80070005 (E_ACCESSDENIED))
System Exception 1040 : オブジェクト参照がオブジェクト インスタンスに設定されていません。
System Exception 1040 : オブジェクト参照がオブジェクト インスタンスに設定されていません。

iTunes Versin : 12.1.1.4
OS Versin : 6.2.9200.0
UAC Enabled : True
App Versin : 2.2.0.4